--------------------------------------------------------------------------------
ModelTest-NG vx.y.z

Input data:
  MSA:        its_automated.fas
  Tree:       Maximum likelihood
    file:           -
  #taxa:            43
  #sites:           593
  #patterns:        238
  Max. thread mem:  4 MB

Output:
  Log:           its_model.log
  Starting tree: its_model.tree
  Results:       its_model.out

Selection options:
  # dna schemes:      11
  # dna models:       88
  include model parameters:
    Uniform:         true
    p-inv (+I):      true
    gamma (+G):      true
    both (+I+G):     true
    free rates (+R): false
    fixed freqs:     true
    estimated freqs: true
    #categories:     4
  gamma rates mode:   mean
  asc bias:           none
  epsilon (opt):      0.01
  epsilon (par):      0.05
  keep branches:      false

Additional options:
  verbosity:        very low
  threads:          1/8
  RNG seed:         12345
  subtree repeats:  enabled
--------------------------------------------------------------------------------

BIC       model              K            lnL          score          delta    weight
--------------------------------------------------------------------------------
       1  TIM2ef+G4          4     -3374.8577      7305.2274         0.0000    0.4330
       2  TIM3ef+G4          4     -3375.2578      7306.0276         0.8002    0.2902
       3  SYM+G4             6     -3369.4457      7307.1736         1.9463    0.1636
       4  TrNef+G4           3     -3380.3242      7309.7751         4.5478    0.0446
       5  TIM2ef+I+G4        5     -3374.2784      7310.4539         5.2265    0.0317
       6  TIM3ef+I+G4        5     -3374.9192      7311.7354         6.5081    0.0167
       7  SYM+I+G4           7     -3368.9869      7312.6412         7.4139    0.0106
       8  TrNef+I+G4         4     -3379.8748      7315.2616        10.0342    0.0029
       9  TIM1ef+G4          4     -3380.1424      7315.7967        10.5693    0.0022
      10  TIM2ef+I           4     -3380.2270      7315.9659        10.7386    0.0020
--------------------------------------------------------------------------------
Best model according to BIC
---------------------------
Model:              TIM2ef+G4
lnL:                -3374.8577
Frequencies:        0.2500 0.2500 0.2500 0.2500
Subst. Rates:       1.8667 4.4898 1.8667 1.0000 9.2592 1.0000 
Inv. sites prop:    -
Gamma shape:        0.5548
Score:              7305.2274
Weight:             0.4330
---------------------------
Parameter importances
---------------------------
P.Inv:              0.0033
Gamma:              0.9345
Gamma-Inv:          0.0622
Frequencies:        0.0007
---------------------------
Model averaged estimates
---------------------------
P.Inv:              0.4810
Alpha:              0.5304
Alpha-P.Inv:        1.5951
P.Inv-Alpha:        0.3180
Frequencies:        0.2506 0.2237 0.2543 0.2714 

Commands:
  > phyml  -i its_automated.fas -m 010232 -f 0.25,0.25,0.25,0.25 -v 0 -a e -c 4 -o tlr
  > raxmlHPC-SSE3 -s its_automated.fas -m GTRGAMMA -n EXEC_NAME -p PARSIMONY_SEED
  > raxml-ng --msa its_automated.fas --model TIM2ef+G4
  > paup -s its_automated.fas
  > iqtree -s its_automated.fas -m TIM2ef+G4

AIC       model              K            lnL          score          delta    weight
--------------------------------------------------------------------------------
       1  SYM+G4             6     -3369.4457      6916.8913         0.0000    0.5135
       2  SYM+I+G4           7     -3368.9869      6917.9737         1.0824    0.2989
       3  GTR+G4             9     -3368.4594      6920.9188         4.0275    0.0686
       4  GTR+I+G4          10     -3367.9157      6921.8313         4.9400    0.0434
       5  TIM2ef+G4          4     -3374.8577      6923.7155         6.8241    0.0169
       6  TIM2+G4            7     -3372.0473      6924.0945         7.2032    0.0140
       7  TIM3ef+G4          4     -3375.2578      6924.5156         7.6243    0.0113
       8  TIM2ef+I+G4        5     -3374.2784      6924.5568         7.6655    0.0111
       9  TIM2+I+G4          8     -3371.3663      6924.7327         7.8413    0.0102
      10  TIM3ef+I+G4        5     -3374.9192      6925.8383         8.9470    0.0059
--------------------------------------------------------------------------------
Best model according to AIC
---------------------------
Model:              SYM+G4
lnL:                -3369.4457
Frequencies:        0.2500 0.2500 0.2500 0.2500
Subst. Rates:       1.0094 3.1814 1.6608 0.4427 6.3878 1.0000 
Inv. sites prop:    -
Gamma shape:        0.5014
Score:              6916.8913
Weight:             0.5135
---------------------------
Parameter importances
---------------------------
P.Inv:              0.0019
Gamma:              0.6271
Gamma-Inv:          0.3710
Frequencies:        0.1403
---------------------------
Model averaged estimates
---------------------------
P.Inv:              0.4789
Alpha:              0.5043
Alpha-P.Inv:        1.6920
P.Inv-Alpha:        0.3374
Frequencies:        0.2479 0.2291 0.2587 0.2643 

Commands:
  > phyml  -i its_automated.fas -m 012345 -f 0.25,0.25,0.25,0.25 -v 0 -a e -c 4 -o tlr
  > raxmlHPC-SSE3 -s its_automated.fas -m GTRGAMMA -n EXEC_NAME -p PARSIMONY_SEED
  > raxml-ng --msa its_automated.fas --model SYM+G4
  > paup -s its_automated.fas
  > iqtree -s its_automated.fas -m SYM+G4

AICc      model              K            lnL          score          delta    weight
--------------------------------------------------------------------------------
       1  SYM+G4             6     -3369.4457      6947.8913         0.0000    0.6447
       2  SYM+I+G4           7     -3368.9869      6949.9737         2.0824    0.2276
       3  TIM2ef+G4          4     -3374.8577      6953.7155         5.8241    0.0350
       4  TIM3ef+G4          4     -3375.2578      6954.5156         6.6243    0.0235
       5  GTR+G4             9     -3368.4594      6954.9188         7.0275    0.0192
       6  TIM2ef+I+G4        5     -3374.2784      6955.5568         7.6655    0.0140
       7  TIM2+G4            7     -3372.0473      6956.0945         8.2032    0.0107
       8  GTR+I+G4          10     -3367.9157      6956.8313         8.9400    0.0074
       9  TIM3ef+I+G4        5     -3374.9192      6956.8383         8.9470    0.0074
      10  TIM2+I+G4          8     -3371.3663      6957.7327         9.8413    0.0047
--------------------------------------------------------------------------------
Best model according to AICc
---------------------------
Model:              SYM+G4
lnL:                -3369.4457
Frequencies:        0.2500 0.2500 0.2500 0.2500
Subst. Rates:       1.0094 3.1814 1.6608 0.4427 6.3878 1.0000 
Inv. sites prop:    -
Gamma shape:        0.5014
Score:              6947.8913
Weight:             0.6447
---------------------------
Parameter importances
---------------------------
P.Inv:              0.0021
Gamma:              0.7359
Gamma-Inv:          0.2620
Frequencies:        0.0447
---------------------------
Model averaged estimates
---------------------------
P.Inv:              0.4796
Alpha:              0.5048
Alpha-P.Inv:        1.6706
P.Inv-Alpha:        0.3353
Frequencies:        0.2483 0.2277 0.2578 0.2661 

Commands:
  > phyml  -i its_automated.fas -m 012345 -f 0.25,0.25,0.25,0.25 -v 0 -a e -c 4 -o tlr
  > raxmlHPC-SSE3 -s its_automated.fas -m GTRGAMMA -n EXEC_NAME -p PARSIMONY_SEED
  > raxml-ng --msa its_automated.fas --model SYM+G4
  > paup -s its_automated.fas
  > iqtree -s its_automated.fas -m SYM+G4
Done
