
****Welcome to ModelGenerator v0.85****

If you use ModelGenerator in your analysis, please cite:

Thomas M Keane, Christopher J Creevey , Melissa M Pentony, Thomas J Naughton and James O McInerney (2006) Assessment of methods for amino acid matrix selection and their use on empirical data shows that ad hoc assumptions for choice of matrix are not justified, BMC Evolutionary Biology, 6:29

http://www.biomedcentral.com/1471-2148/6/29

Input sequence file: /home/ms/Dokumenty/4sem/modelgenerator/its/its_automated.fas
Format is FASTA
Datatype is NUCLEOTIDE
Building initial NJ tree......
Created models
Starting to optimise model parameters.....
Number of observed invariant sites: 356
Optimising model 1 of 56: JC
Optimising model 2 of 56: JC+G
Optimising model 3 of 56: JC+I
Optimising model 4 of 56: JC+I+G
Optimising model 5 of 56: F81
Optimising model 6 of 56: F81+G
Optimising model 7 of 56: F81+I
Optimising model 8 of 56: F81+I+G
Optimising model 9 of 56: HKY
Optimising model 10 of 56: HKY+G
Optimising model 11 of 56: HKY+I
Optimising model 12 of 56: HKY+I+G
Optimising model 13 of 56: K80
Optimising model 14 of 56: K80+G
Optimising model 15 of 56: K80+I
Optimising model 16 of 56: K80+I+G
Optimising model 17 of 56: SYM
Optimising model 18 of 56: SYM+G
Optimising model 19 of 56: SYM+I
Optimising model 20 of 56: SYM+I+G
Optimising model 21 of 56: GTR
Optimising model 22 of 56: GTR+G
Optimising model 23 of 56: GTR+I
Optimising model 24 of 56: GTR+I+G
Optimising model 25 of 56: TrN
Optimising model 26 of 56: TrN+G
Optimising model 27 of 56: TrN+I
Optimising model 28 of 56: TrN+I+G
Optimising model 29 of 56: TrNef
Optimising model 30 of 56: TrNef+G
Optimising model 31 of 56: TrNef+I
Optimising model 32 of 56: TrNef+I+G
Optimising model 33 of 56: TVM
Optimising model 34 of 56: TVM+G
Optimising model 35 of 56: TVM+I
Optimising model 36 of 56: TVM+I+G
Optimising model 37 of 56: TVMef
Optimising model 38 of 56: TVMef+G
Optimising model 39 of 56: TVMef+I
Optimising model 40 of 56: TVMef+I+G
Optimising model 41 of 56: TIM
Optimising model 42 of 56: TIM+G
Optimising model 43 of 56: TIM+I
Optimising model 44 of 56: TIM+I+G
Optimising model 45 of 56: TIMef
Optimising model 46 of 56: TIMef+G
Optimising model 47 of 56: TIMef+I
Optimising model 48 of 56: TIMef+I+G
Optimising model 49 of 56: K81uf
Optimising model 50 of 56: K81uf+G
Optimising model 51 of 56: K81uf+I
Optimising model 52 of 56: K81uf+I+G
Optimising model 53 of 56: K81
Optimising model 54 of 56: K81+G
Optimising model 55 of 56: K81+I
Optimising model 56 of 56: K81+I+G

		Uniform			G			I			I+G
JC		-3624.0929565110473	-3534.151902526043	-3540.1575973388326	-3534.0249733735727	
F81		-3611.753685218535	-3518.9358348780925	-3525.3238035904305	-3518.8523741597287	
HKY		-3482.659661565406	-3394.5087515962223	-3400.5924344082136	-3394.3448492212156	
K80		-3493.6650192414722	-3400.4794028571255	-3406.938204235706	-3400.3500492083194	
SYM		-3458.2551510363305	-3378.078329602072	-3384.5994807480274	-3377.6885719271136	
GTR		-3454.7342021287013	-3377.087967531354	-3383.0846456399936	-3376.600502721517	
TrN		-3461.068175630647	-3385.7978818307897	-3391.9214630867523	-3385.405802934619	
TrNef		-3466.3524064431463	-3388.9110772063677	-3395.136870949917	-3388.5542924773385	
TVM		-3476.0926937672116	-3385.522612006757	-3391.431685647312	-3385.224941969646	
TVMef		-3485.4720301691073	-3389.7000689333076	-3396.503033425972	-3389.490193442801	
TIM		-3461.007736391251	-3385.674752890615	-3391.8105928297587	-3385.2818013982583	
TIMef		-3466.262478790981	-3388.7951276830786	-3394.9994415994647	-3388.442887033054	
K81uf		-3482.560693529566	-3394.3807659279987	-3400.4813083879094	-3394.2191798095682	
K81		-3493.5290412551676	-3400.304085394852	-3406.774163267022	-3400.177104251781	

****Hierarchical Likelihood Ratio Tests (hLRTs)****

Equal base frequencies
	Null model = JC
	Alternative model = F81
	2(lnL1-lnL0) = 24.678542585024843	df = 3
Using Chi-Squared Test
	P-value < .0001

Ti=Tv
	Null model = F81
	Alternative model = HKY
	2(lnL1-lnL0) = 258.18804730625743	df = 1
Using Chi-Squared Test
	P-value < .0001

1 or 2 transition rates
	Null model = HKY
	Alternative model = TrN
	2(lnL1-lnL0) = 43.18297186951804	df = 1
Using Chi-Squared Test
	P-value < .0001

1 or 2 transversion rates
	Null model = TrN
	Alternative model = TIM
	2(lnL1-lnL0) = 0.1208784787922923	df = 1
Using Chi-Squared Test
	P-value = 0.6229400174261576

Equal rates among sites
	Null model = TrN
	Alternative model = TrN+G
	2(lnL1-lnL0) = 150.54058759971485	df = 1
Using mixed Chi-Squared Test
	P-value < .0001

No invariable sites
	Null model = TrN+G
	Alternative model = TrN+I+G
	2(lnL1-lnL0) = 0.7841577923418299	df = 1
Using mixed Chi-Squared Test
	P-value = 0.10522590027569467

Model Selected: TrN+G
-lnL: 3385.7978818307897
Substitution Model (with Rate Distribution):
Model of substitution: TN (Tamura-Nei 1993)
Transition/transversion rate ratio kappa: 4.86
Y/R transition rate ratio: 2.09

Nucleotide frequencies:
pi(A) = 0.26310
pi(C) = 0.22204
pi(G) = 0.24184
pi(T) = 0.27302

Expected transition/transversion ratio: 2.39
Expected pyrimidine transition/purine transition ratio: 1.99

Model of rate heterogeneity: Discrete Gamma
Number of rate categories: 4
Gamma distribution parameter alpha: 0.47

Relative rates and their probabilities:

    Rate      Probability
1   0.02424   0.25000
2   0.26204   0.25000
3   0.90686   0.25000
4   2.80685   0.25000


****Akaike Information Criterion 1 (AIC1)****

Model Selected: SYM+G
-lnL = 3378.078329602072
k = 89 (Branch lengths included as model parameters)
AIC1 = 6934.156659204144

Substitution Model (with Rate Distribution):
Model of substitution: SYM
Parameter a: 1.03
Parameter b: 3.11
Parameter c: 1.63
Parameter d: 0.43
Parameter e: 6.39
                                   A  C  G  T
Corresponding rate matrix      ----------------
(shown without frequencies):     A    a  b  c
                                 C       d  e
                                 G          1

Nucleotide frequencies:
pi(A) = 0.25000
pi(C) = 0.25000
pi(G) = 0.25000
pi(T) = 0.25000

Expected transition/transversion ratio: 2.32
Expected pyrimidine transition/purine transition ratio: 2.06

Model of rate heterogeneity: Discrete Gamma
Number of rate categories: 4
Gamma distribution parameter alpha: 0.45

Relative rates and their probabilities:

    Rate      Probability
1   0.02067   0.25000
2   0.24667   0.25000
3   0.89117   0.25000
4   2.84149   0.25000


****Akaike Information Criterion 2 (AIC2)****

Model Selected: SYM+G
-lnL = 3378.078329602072
k = 89 (Branch lengths included as model parameters)
AIC2 = 7201.156659204144

Substitution Model (with Rate Distribution):
Model of substitution: SYM
Parameter a: 1.03
Parameter b: 3.11
Parameter c: 1.63
Parameter d: 0.43
Parameter e: 6.39
                                   A  C  G  T
Corresponding rate matrix      ----------------
(shown without frequencies):     A    a  b  c
                                 C       d  e
                                 G          1

Nucleotide frequencies:
pi(A) = 0.25000
pi(C) = 0.25000
pi(G) = 0.25000
pi(T) = 0.25000

Expected transition/transversion ratio: 2.32
Expected pyrimidine transition/purine transition ratio: 2.06

Model of rate heterogeneity: Discrete Gamma
Number of rate categories: 4
Gamma distribution parameter alpha: 0.45

Relative rates and their probabilities:

    Rate      Probability
1   0.02067   0.25000
2   0.24667   0.25000
3   0.89117   0.25000
4   2.84149   0.25000


****Bayesian Information Criterion (BIC)****

Model Selected: SYM+G
-lnL = 3378.078329602072
k = 89 (Branch lengths included as model parameters)
BIC = 7324.4389607149415

Substitution Model (with Rate Distribution):
Model of substitution: SYM
Parameter a: 1.03
Parameter b: 3.11
Parameter c: 1.63
Parameter d: 0.43
Parameter e: 6.39
                                   A  C  G  T
Corresponding rate matrix      ----------------
(shown without frequencies):     A    a  b  c
                                 C       d  e
                                 G          1

Nucleotide frequencies:
pi(A) = 0.25000
pi(C) = 0.25000
pi(G) = 0.25000
pi(T) = 0.25000

Expected transition/transversion ratio: 2.32
Expected pyrimidine transition/purine transition ratio: 2.06

Model of rate heterogeneity: Discrete Gamma
Number of rate categories: 4
Gamma distribution parameter alpha: 0.45

Relative rates and their probabilities:

    Rate      Probability
1   0.02067   0.25000
2   0.24667   0.25000
3   0.89117   0.25000
4   2.84149   0.25000


Model-fit Ranking according to all measures
-------------------------------------------------------------------------------------------------------------------------------------------------------------------------------------------------------
	AIC1			Model		Ln			AIC2			Model		Ln			BIC			Model		Ln
-------------------------------------------------------------------------------------------------------------------------------------------------------------------------------------------------------

0	6934.156659204144	SYM+G		-3378.078329602072	7201.156659204144	SYM+G		-3378.078329602072	7324.4389607149415	SYM+G		-3378.078329602072	
1	6935.377143854227	SYM+I+G		-3377.6885719271136	7205.377143854227	SYM+I+G		-3377.6885719271136	7326.94887272654	TrNef+G		-3388.9110772063677	
2	6938.175935062708	GTR+G		-3377.087967531354	7207.8221544127355	TrNef+G		-3388.9110772063677	7330.044639764023	SYM+I+G		-3377.6885719271136	
3	6939.201005443034	GTR+I+G		-3376.600502721517	7212.108584954677	TrNef+I+G	-3388.5542924773385	7332.620497667479	TrNef+I+G	-3388.5542924773385	
4	6947.198961496055	SYM+I		-3384.5994807480274	7212.590255366157	TIMef+G		-3388.7951276830786	7333.102168078959	TIMef+G		-3388.7951276830786	
5	6949.595763661579	TrN+G		-3385.7978818307897	7214.175935062708	GTR+G		-3377.087967531354	7337.481263006853	SYM+I		-3384.5994807480274	
6	6949.8221544127355	TrNef+G		-3388.9110772063677	7214.198961496055	SYM+I		-3384.5994807480274	7338.782881177907	TIMef+I+G	-3388.442887033054	
7	6950.169291279987	GTR+I		-3383.0846456399936	7216.595763661579	TrN+G		-3385.7978818307897	7339.400460213638	TrNef+I		-3395.136870949917	
8	6950.811605869238	TrN+I+G		-3385.405802934619	7216.885774066108	TIMef+I+G	-3388.442887033054	7339.878065172377	TrN+G		-3385.7978818307897	
9	6951.108584954677	TrNef+I+G	-3388.5542924773385	7218.201005443034	GTR+I+G		-3376.600502721517	7341.297244978416	TVMef+G		-3389.7000689333076	
10	6951.34950578123	TIM+G		-3385.674752890615	7219.400137866615	TVMef+G		-3389.7000689333076	7341.613819770499	GTR+G		-3377.087967531354	
11	6951.590255366157	TIMef+G		-3388.7951276830786	7220.273741899834	TrNef+I		-3395.136870949917	7343.700329629058	K80+G		-3400.4794028571255	
12	6952.5636027965165	TIM+I+G		-3385.2818013982583	7220.811605869238	TrN+I+G		-3385.405802934619	7345.479101779033	TrN+I+G		-3385.405802934619	
13	6952.885774066108	TIMef+I+G	-3388.442887033054	7221.34950578123	TIM+G		-3385.674752890615	7345.510795911731	TIMef+I		-3394.9994415994647	
14	6953.045224013514	TVM+G		-3385.522612006757	7223.980386885602	TVMef+I+G	-3389.490193442801	7346.017001691025	TIM+G		-3385.674752890615	
15	6954.449883939292	TVM+I+G		-3385.224941969646	7224.998883198929	TIMef+I		-3394.9994415994647	7347.024084549823	GTR+I+G		-3376.600502721517	
16	6955.400137866615	TVMef+G		-3389.7000689333076	7225.5636027965165	TIM+I+G		-3385.2818013982583	7347.262688396399	TVMef+I+G	-3389.490193442801	
17	6956.980386885602	TVMef+I+G	-3389.490193442801	7225.958805714251	K80+G		-3400.4794028571255	7349.734889103508	K81+G		-3400.304085394852	
18	6961.842926173505	TrN+I		-3391.9214630867523	7226.045224013514	TVM+G		-3385.522612006757	7349.826816730443	K80+I+G		-3400.3500492083194	
19	6962.273741899834	TrNef+I		-3395.136870949917	7226.169291279987	GTR+I		-3383.0846456399936	7350.914610304244	HKY+G		-3394.5087515962223	
20	6963.621185659517	TIM+I		-3391.8105928297587	7228.842926173505	TrN+I		-3391.9214630867523	7351.6162931053095	TIM+I+G		-3385.2818013982583	
21	6963.998883198929	TIMef+I		-3394.9994415994647	7229.017503192445	HKY+G		-3394.5087515962223	7352.097914322307	TVM+G		-3385.522612006757	
22	6964.863371294624	TVM+I		-3391.431685647312	7230.449883939292	TVM+I+G		-3385.224941969646	7352.125227684302	TrN+I		-3391.9214630867523	
23	6965.017503192445	HKY+G		-3394.5087515962223	7230.608170789704	K81+G		-3400.304085394852	7353.607175987778	GTR+I		-3383.0846456399936	
24	6966.689698442431	HKY+I+G		-3394.3448492212156	7230.700098416639	K80+I+G		-3400.3500492083194	7354.903173963743	TVMef+I		-3396.503033425972	
25	6966.761531855997	K81uf+G		-3394.3807659279987	7233.006066851944	TVMef+I		-3396.503033425972	7355.866121216364	K81+I+G		-3400.177104251781	
26	6968.4383596191365	K81uf+I+G	-3394.2191798095682	7233.621185659517	TIM+I		-3391.8105928297587	7356.617932386219	K80+I		-3406.938204235706	
27	6969.006066851944	TVMef+I		-3396.503033425972	7233.689698442431	HKY+I+G		-3394.3448492212156	7356.971999953229	HKY+I+G		-3394.3448492212156	
28	6970.958805714251	K80+G		-3400.4794028571255	7233.761531855997	K81uf+G		-3394.3807659279987	7357.043833366795	K81uf+G		-3394.3807659279987	
29	6972.608170789704	K81+G		-3400.304085394852	7235.354208503562	K81+I+G		-3400.177104251781	7357.887768647082	TVM+I+G		-3385.224941969646	
30	6972.700098416639	K80+I+G		-3400.3500492083194	7237.863371294624	TVM+I		-3391.431685647312	7358.288681569313	TIM+I		-3391.8105928297587	
31	6974.354208503562	K81+I+G		-3400.177104251781	7238.4383596191365	K81uf+I+G	-3394.2191798095682	7362.675044847848	K81+I		-3406.774163267022	
32	6977.184868816427	HKY+I		-3400.5924344082136	7238.876408471412	K80+I		-3406.938204235706	7363.081975928228	HKY+I		-3400.5924344082136	
33	6978.962616775819	K81uf+I		-3400.4813083879094	7241.184868816427	HKY+I		-3400.5924344082136	7363.105855528932	K81uf+I+G	-3394.2191798095682	
34	6983.876408471412	K80+I		-3406.938204235706	7243.548326534044	K81+I		-3406.774163267022	7363.916061603417	TVM+I		-3391.431685647312	
35	6985.548326534044	K81+I		-3406.774163267022	7245.962616775819	K81uf+I		-3400.4813083879094	7369.244918286617	K81uf+I		-3400.4813083879094	
36	7091.468404257403	GTR		-3454.7342021287013	7356.510302072661	SYM		-3458.2551510363305	7475.446336801099	TrNef		-3466.3524064431463	
37	7092.510302072661	SYM		-3458.2551510363305	7357.7048128862925	TrNef		-3466.3524064431463	7478.407409184461	SYM		-3458.2551510363305	
38	7098.136351261294	TrN		-3461.068175630647	7362.136351261294	TrN		-3461.068175630647	7481.651675895766	TIMef		-3466.262478790981	
39	7100.015472782502	TIM		-3461.007736391251	7362.524957581962	TIMef		-3466.262478790981	7484.033458373095	TrN		-3461.068175630647	
40	7102.7048128862925	TrNef		-3466.3524064431463	7364.468404257403	GTR		-3454.7342021287013	7490.2977742933		TIM		-3461.007736391251	
41	7104.524957581962	TIMef		-3466.262478790981	7367.015472782502	TIM		-3461.007736391251	7490.521094566196	GTR		-3454.7342021287013	
42	7132.185387534423	TVM		-3476.0926937672116	7400.319323130812	HKY		-3482.659661565406	7520.831235843614	HKY		-3482.659661565406	
43	7139.319323130812	HKY		-3482.659661565406	7402.185387534423	TVM		-3476.0926937672116	7523.686367998754	K80		-3493.6650192414722	
44	7141.121387059132	K81uf		-3482.560693529566	7405.121387059132	K81uf		-3482.560693529566	7526.455973051016	TVMef		-3485.4720301691073	
45	7144.9440603382145	TVMef		-3485.4720301691073	7405.9440603382145	TVMef		-3485.4720301691073	7526.852883444219	TVM		-3476.0926937672116	
46	7155.3300384829445	K80		-3493.6650192414722	7407.3300384829445	K80		-3493.6650192414722	7527.018494170932	K81uf		-3482.560693529566	
47	7157.058082510335	K81		-3493.5290412551676	7412.058082510335	K81		-3493.5290412551676	7529.799606425142	K81		-3493.5290412551676	
48	7211.871669756185	F81+G		-3518.9358348780925	7472.871669756185	F81+G		-3518.9358348780925	7593.383582468987	F81+G		-3518.9358348780925	
49	7213.704748319457	F81+I+G		-3518.8523741597287	7477.704748319457	F81+I+G		-3518.8523741597287	7599.601855431258	F81+I+G		-3518.8523741597287	
50	7224.647607180861	F81+I		-3525.3238035904305	7485.647607180861	F81+I		-3525.3238035904305	7604.6601345678955	JC+G		-3534.151902526043	
51	7236.303805052086	JC+G		-3534.151902526043	7488.303805052086	JC+G		-3534.151902526043	7606.159519893663	F81+I		-3525.3238035904305	
52	7238.049946747145	JC+I+G		-3534.0249733735727	7493.049946747145	JC+I+G		-3534.0249733735727	7610.791470661952	JC+I+G		-3534.0249733735727	
53	7248.315194677665	JC+I		-3540.1575973388326	7500.315194677665	JC+I		-3540.1575973388326	7616.671524193474	JC+I		-3540.1575973388326	
54	7395.50737043707	F81		-3611.753685218535	7653.50737043707	F81		-3611.753685218535	7772.634088750874	F81		-3611.753685218535	
55	7414.185913022095	JC		-3624.0929565110473	7663.185913022095	JC		-3624.0929565110473	7778.157048138906	JC		-3624.0929565110473	
56	7414.185913022095	JC		-3624.0929565110473	7663.185913022095	JC		-3624.0929565110473	7778.157048138906	JC		-3624.0929565110473	

Analysis took: 0 minutes 43 seconds
