      Logging screen output to file "concat_its_rps16.log"
      Setting autoclose to yes
      Setting nowarnings to no
      Setting autoreplace to no
      Defining charset called 'ITS'
      Defining charset called 'rps16'
      Defining partition called 'PartitionFinder'
      Setting PartitionFinder as the partition, dividing characters into 2 parts.
      Setting model defaults
      Seed (for generating default start values) = 1825889734
      Setting Nst to 6 for partition 1
      Setting Rates to Gamma for partition 1
      Successfully set likelihood model parameters to
      partition 1 (if applicable)
      Setting Nst to 6 for partition 2
      Setting Rates to Gamma for partition 2
      Successfully set likelihood model parameters to
      partition 2 (if applicable)
      Setting Statefreqpr to Fixed(Equal) for partition 1
      Successfully set prior model parameters to
      partition 1 (if applicable)
      Setting Ratepr to Variable [Dirichlet(..,1,..)] for partition 1
      Setting Ratepr to Variable [Dirichlet(..,1,..)] for partition 2
      Successfully set prior model parameters to all
      applicable data partitions 
      Unlinking
      Setting number of chains to 4
      Setting number of generations to 100000
      Setting number of runs to 1
      Setting heating parameter to 0.300000
      Setting sample frequency to 100
      Setting print frequency to 1000
      Setting calculation of MCMC diagnostics ('Mcmcdiagn') to yes
      Setting diagnosing frequency to 1000
      Setting check-pointing ('Checkpoint') to yes
      Setting check-pointing frequency to 200
      Setting append to no
      Setting chain output file names to "concat_its_rps16.nex.<p/t>"
      Successfully set chain parameters
      Running Markov chain
      MCMC stamp = 4008582274
      Seed = 1562866407
      Swapseed = 1686784985
      Model settings:

         Settings for partition 1 --
            Datatype  = DNA
            Nucmodel  = 4by4
            Nst       = 6
                        Substitution rates, expressed as proportions
                        of the rate sum, have a Dirichlet prior
                        (1.00,1.00,1.00,1.00,1.00,1.00)
            Covarion  = No
            # States  = 4
                        State frequencies are fixed to be equal
            Rates     = Gamma
                        The distribution is approximated using 4 categories.
                        Likelihood summarized over all rate categories in each generation.
                        Shape parameter is exponentially
                        distributed with parameter (1.00).

         Settings for partition 2 --
            Datatype  = DNA
            Nucmodel  = 4by4
            Nst       = 6
                        Substitution rates, expressed as proportions
                        of the rate sum, have a Dirichlet prior
                        (1.00,1.00,1.00,1.00,1.00,1.00)
            Covarion  = No
            # States  = 4
                        State frequencies have a Dirichlet prior
                        (1.00,1.00,1.00,1.00)
            Rates     = Gamma
                        The distribution is approximated using 4 categories.
                        Likelihood summarized over all rate categories in each generation.
                        Shape parameter is exponentially
                        distributed with parameter (1.00).

      Active parameters: 

                             Partition(s)
         Parameters          1  2
         ------------------------
         Revmat              1  2
         Statefreq           3  4
         Shape               5  6
         Ratemultiplier      7  7
         Topology            8  8
         Brlens              9  9
         ------------------------

         Parameters can be linked or unlinked across partitions using 'link' and 'unlink'

         1 --  Parameter  = Revmat{1}
               Type       = Rates of reversible rate matrix
               Prior      = Dirichlet(1.00,1.00,1.00,1.00,1.00,1.00)
               Partition  = 1

         2 --  Parameter  = Revmat{2}
               Type       = Rates of reversible rate matrix
               Prior      = Dirichlet(1.00,1.00,1.00,1.00,1.00,1.00)
               Partition  = 2

         3 --  Parameter  = Pi{1}
               Type       = Stationary state frequencies
               Prior      = Fixed
               Partition  = 1

         4 --  Parameter  = Pi{2}
               Type       = Stationary state frequencies
               Prior      = Dirichlet
               Partition  = 2

         5 --  Parameter  = Alpha{1}
               Type       = Shape of scaled gamma distribution of site rates
               Prior      = Exponential(1.00)
               Partition  = 1

         6 --  Parameter  = Alpha{2}
               Type       = Shape of scaled gamma distribution of site rates
               Prior      = Exponential(1.00)
               Partition  = 2

         7 --  Parameter  = Ratemultiplier{all}
               Type       = Partition-specific rate multiplier
               Prior      = Dirichlet(1.00,1.00)
               Partitions = 1 and 2

         8 --  Parameter  = Tau{all}
               Type       = Topology
               Prior      = All topologies equally probable a priori
               Partitions = 1 and 2
               Subparam.  = V{all}

         9 --  Parameter  = V{all}
               Type       = Branch lengths
               Prior      = Unconstrained:GammaDir(1.0,0.1000,1.0,1.0)
               Partitions = 1 and 2



      The MCMC sampler will use the following moves:
         With prob.  Chain will use move
            0.88 %   Dirichlet(Revmat{1})
            0.88 %   Slider(Revmat{1})
            0.88 %   Dirichlet(Revmat{2})
            0.88 %   Slider(Revmat{2})
            0.88 %   Dirichlet(Pi{2})
            0.88 %   Slider(Pi{2})
            1.77 %   Multiplier(Alpha{1})
            1.77 %   Multiplier(Alpha{2})
            1.33 %   Dirichlet(Ratemultiplier{all})
            1.33 %   Slider(Ratemultiplier{all})
            8.85 %   ExtSPR(Tau{all},V{all})
            8.85 %   ExtTBR(Tau{all},V{all})
            8.85 %   NNI(Tau{all},V{all})
            8.85 %   ParsSPR(Tau{all},V{all})
           35.40 %   Multiplier(V{all})
           12.39 %   Nodeslider(V{all})
            5.31 %   TLMultiplier(V{all})

      Division 1 has 239 unique site patterns
      Division 2 has 177 unique site patterns
      Initializing conditional likelihoods
      Using standard SSE likelihood calculator for division 1 (single-precision)
      Using standard SSE likelihood calculator for division 2 (single-precision)

      Initial log likelihoods and log prior probs:
         Chain 1 -- -11107.175153 -- 106.854750
         Chain 2 -- -10824.226811 -- 106.854750
         Chain 3 -- -10736.712943 -- 106.854750
         Chain 4 -- -10992.599356 -- 106.854750


      Chain results (100000 generations requested):

          0 -- [-11107.175] (-10824.227) (-10736.713) (-10992.599) 
       1000 -- (-7182.906) (-6547.429) [-6423.696] (-6618.700) -- 0:01:39
       2000 -- (-6154.566) (-6261.721) [-6066.754] (-6122.823) -- 0:00:49
       3000 -- (-6038.654) (-6076.722) (-6030.185) [-6026.308] -- 0:01:04
       4000 -- [-5975.494] (-6073.620) (-6061.398) (-6021.975) -- 0:01:12
       5000 -- [-5961.521] (-6022.295) (-6012.897) (-5998.024) -- 0:01:16
       6000 -- [-5964.329] (-5998.732) (-5989.792) (-6037.429) -- 0:01:18
       7000 -- (-5977.881) [-5985.445] (-6009.663) (-6018.153) -- 0:01:19
       8000 -- [-5967.636] (-5983.722) (-5982.798) (-6010.887) -- 0:01:20
       9000 -- [-5963.283] (-5995.880) (-5983.883) (-6024.792) -- 0:01:10
      10000 -- [-5969.351] (-6006.046) (-6023.701) (-6003.685) -- 0:01:12
      11000 -- [-5969.214] (-6012.931) (-5984.713) (-6022.157) -- 0:01:12
      12000 -- [-5956.740] (-6063.722) (-5991.892) (-6021.057) -- 0:01:13
      13000 -- [-5959.214] (-6048.050) (-5979.684) (-6012.363) -- 0:01:13
      14000 -- [-5968.926] (-6021.115) (-5981.895) (-6000.729) -- 0:01:13
      15000 -- [-5964.651] (-6007.870) (-5996.388) (-6039.262) -- 0:01:13
      16000 -- (-5993.721) [-5973.536] (-6015.600) (-5988.365) -- 0:01:13
      17000 -- (-6052.660) [-5971.802] (-5995.452) (-5985.245) -- 0:01:13
      18000 -- (-6012.629) (-5985.546) (-6026.569) [-5967.366] -- 0:01:12
      19000 -- (-5996.440) (-6001.584) (-6051.565) [-5961.780] -- 0:01:12
      20000 -- (-5971.557) (-6012.924) (-6040.899) [-5956.732] -- 0:01:12
      21000 -- (-5968.407) (-6020.895) (-6020.762) [-5959.970] -- 0:01:11
      22000 -- (-5992.725) (-6050.748) (-6021.425) [-5963.190] -- 0:01:10
      23000 -- (-6020.191) (-6014.346) (-5995.704) [-5964.381] -- 0:01:10
      24000 -- (-6012.214) (-6025.088) (-5975.690) [-5970.234] -- 0:01:09
      25000 -- (-6035.337) (-6007.961) (-6002.030) [-5969.422] -- 0:01:09
      26000 -- (-5997.849) (-6007.149) [-5964.913] (-5972.310) -- 0:01:05
      27000 -- (-6029.192) (-6005.229) [-5971.564] (-6000.367) -- 0:01:04
      28000 -- (-5985.578) (-6005.773) [-5971.601] (-6008.091) -- 0:01:04
      29000 -- (-5996.648) (-5989.312) [-5961.332] (-6031.358) -- 0:01:03
      30000 -- (-5991.706) (-6013.923) [-5969.855] (-6041.104) -- 0:01:03
      31000 -- (-5987.611) (-6000.051) [-5962.380] (-6014.794) -- 0:01:02
      32000 -- (-6013.295) (-5969.325) [-5969.240] (-6007.790) -- 0:01:01
      33000 -- (-6012.473) (-5990.473) [-5964.719] (-6010.716) -- 0:01:00
      34000 -- [-5973.768] (-5995.196) (-5980.369) (-6010.626) -- 0:01:00
      35000 -- [-5967.822] (-6026.466) (-5987.247) (-6005.113) -- 0:00:59
      36000 -- [-5966.074] (-6046.665) (-5983.921) (-5981.828) -- 0:00:58
      37000 -- [-5969.836] (-6027.804) (-5980.284) (-6008.239) -- 0:00:56
      38000 -- [-5966.192] (-6010.102) (-5985.797) (-6041.800) -- 0:00:55
      39000 -- [-5977.967] (-6009.454) (-5980.988) (-6006.191) -- 0:00:54
      40000 -- (-5974.680) (-6013.310) [-5973.819] (-6002.307) -- 0:00:54
      41000 -- (-6024.459) (-6006.677) [-5972.398] (-6031.542) -- 0:00:53
      42000 -- (-5992.505) (-6004.426) [-5981.665] (-6030.894) -- 0:00:52
      43000 -- (-5976.962) (-5990.513) [-5976.425] (-6035.162) -- 0:00:51
      44000 -- (-5982.610) (-6020.429) [-5970.764] (-5981.790) -- 0:00:49
      45000 -- (-5999.947) (-6030.823) [-5961.349] (-6012.884) -- 0:00:48
      46000 -- (-5987.620) (-6048.814) [-5971.275] (-5996.669) -- 0:00:48
      47000 -- (-5997.417) (-6041.011) [-5951.498] (-5984.156) -- 0:00:47
      48000 -- (-6000.758) (-6018.597) [-5961.505] (-6001.192) -- 0:00:46
      49000 -- (-5995.169) (-6033.810) [-5972.596] (-5974.643) -- 0:00:45
      50000 -- (-6003.445) (-6036.968) (-5981.889) [-5961.844] -- 0:00:45
      51000 -- (-5993.202) (-6060.562) (-5994.857) [-5974.984] -- 0:00:44
      52000 -- (-5993.417) (-6024.391) (-6000.876) [-5980.468] -- 0:00:43
      53000 -- (-6012.034) (-6023.283) [-5976.869] (-5980.490) -- 0:00:42
      54000 -- (-6046.160) (-5990.322) [-5968.406] (-5988.916) -- 0:00:40
      55000 -- (-6019.894) (-6018.195) [-5972.547] (-6014.039) -- 0:00:40
      56000 -- (-5986.889) (-6010.790) [-5968.691] (-5993.454) -- 0:00:39
      57000 -- (-6005.904) (-6034.759) [-5972.174] (-5975.802) -- 0:00:38
      58000 -- (-6005.134) (-6062.896) (-5966.155) [-5982.483] -- 0:00:37
      59000 -- (-5999.777) (-6031.942) [-5967.733] (-5979.623) -- 0:00:36
      60000 -- (-5980.653) (-6019.142) [-5969.895] (-5996.664) -- 0:00:36
      61000 -- (-6003.059) (-6001.942) [-5971.750] (-6007.875) -- 0:00:35
      62000 -- [-5972.011] (-6045.199) (-6006.655) (-5980.032) -- 0:00:34
      63000 -- [-5959.462] (-6027.882) (-5998.355) (-5983.515) -- 0:00:33
      64000 -- [-5963.945] (-6036.797) (-6011.152) (-5981.354) -- 0:00:32
      65000 -- (-5980.025) (-6010.167) (-6024.882) [-5967.636] -- 0:00:31
      66000 -- (-5981.548) (-6026.752) (-5997.111) [-5966.218] -- 0:00:30
      67000 -- (-5984.841) (-6042.119) (-6013.332) [-5965.816] -- 0:00:29
      68000 -- (-5985.720) (-6034.270) (-6006.809) [-5953.640] -- 0:00:28
      69000 -- (-5981.259) (-6035.444) (-5997.363) [-5968.961] -- 0:00:27
      70000 -- (-5986.784) (-6024.566) (-6019.321) [-5964.526] -- 0:00:27
      71000 -- [-5975.003] (-6010.828) (-6027.778) (-5962.213) -- 0:00:26
      72000 -- (-5975.033) (-5993.355) (-6049.106) [-5957.732] -- 0:00:25
      73000 -- [-5973.197] (-6028.111) (-6045.287) (-5983.254) -- 0:00:24
      74000 -- (-5996.875) (-5998.242) (-6024.533) [-5953.083] -- 0:00:23
      75000 -- (-6003.673) (-5997.960) (-6016.108) [-5974.853] -- 0:00:22
      76000 -- (-6023.902) (-5991.857) (-6022.808) [-5967.556] -- 0:00:21
      77000 -- (-6036.212) (-6020.305) [-5982.133] (-5970.727) -- 0:00:20
      78000 -- (-6051.215) (-5999.013) [-5973.678] (-5978.879) -- 0:00:19
      79000 -- (-5987.360) (-6024.041) [-5966.436] (-5988.410) -- 0:00:18
      80000 -- (-6021.019) (-6018.294) (-5978.763) [-5961.731] -- 0:00:18
      81000 -- (-6045.701) (-6008.039) (-5981.122) [-5962.183] -- 0:00:17
      82000 -- (-6039.911) [-5966.263] (-6002.007) (-5977.410) -- 0:00:16
      83000 -- (-6035.861) (-6001.945) (-5984.357) [-5974.541] -- 0:00:15
      84000 -- (-6022.177) (-5993.149) (-6014.015) [-5966.436] -- 0:00:14
      85000 -- (-6018.768) (-5991.163) (-5988.243) [-5969.465] -- 0:00:13
      86000 -- (-6016.656) (-5997.954) (-6015.101) [-5954.482] -- 0:00:12
      87000 -- [-5981.347] (-5992.915) (-6015.530) (-5979.064) -- 0:00:11
      88000 -- (-6013.043) (-5980.831) (-6003.725) [-5962.462] -- 0:00:10
      89000 -- (-6039.027) (-5985.518) (-6018.071) [-5968.345] -- 0:00:09
      90000 -- (-6016.688) (-6001.441) (-6029.650) [-5968.345] -- 0:00:09
      91000 -- (-5997.674) (-6012.283) (-6024.581) [-5960.366] -- 0:00:08
      92000 -- (-5975.371) (-6013.282) (-6006.580) [-5954.900] -- 0:00:07
      93000 -- (-6010.942) (-6023.259) (-5998.934) [-5959.369] -- 0:00:06
      94000 -- (-5978.249) (-6034.656) (-6002.534) [-5949.126] -- 0:00:05
      95000 -- (-6016.358) (-6044.456) (-5990.740) [-5960.272] -- 0:00:04
      96000 -- (-5997.720) (-6009.852) [-5958.695] (-5966.718) -- 0:00:03
      97000 -- (-6002.343) (-6016.001) [-5963.266] (-5965.101) -- 0:00:02
      98000 -- (-6042.977) (-6003.370) [-5951.445] (-5993.967) -- 0:00:01
      99000 -- (-6040.591) (-6020.356) [-5966.667] (-5987.256) -- 0:00:00
      100000 -- (-6013.568) (-6003.572) [-5976.815] (-5984.561) -- 0:00:00

      Analysis completed in 1 mins 30 seconds
      Analysis used 90.40 seconds of CPU time
      Log likelihood of best state for "cold" chain was -5945.67

      Acceptance rates for the moves in the "cold" chain:
         With prob.   (last 100)   chain accepted proposals by move
            40.8 %     ( 45 %)     Dirichlet(Revmat{1})
            58.0 %     ( 63 %)     Slider(Revmat{1})
            54.4 %     ( 51 %)     Dirichlet(Revmat{2})
            75.8 %     ( 82 %)     Slider(Revmat{2})
            27.8 %     ( 29 %)     Dirichlet(Pi{2})
            30.6 %     ( 29 %)     Slider(Pi{2})
            47.1 %     ( 42 %)     Multiplier(Alpha{1})
            80.9 %     ( 83 %)     Multiplier(Alpha{2})
            50.2 %     ( 45 %)     Dirichlet(Ratemultiplier{all})
            76.4 %     ( 70 %)     Slider(Ratemultiplier{all})
             9.1 %     ( 12 %)     ExtSPR(Tau{all},V{all})
             6.3 %     (  6 %)     ExtTBR(Tau{all},V{all})
            13.5 %     ( 17 %)     NNI(Tau{all},V{all})
            10.3 %     (  7 %)     ParsSPR(Tau{all},V{all})
            35.5 %     ( 21 %)     Multiplier(V{all})
            40.7 %     ( 40 %)     Nodeslider(V{all})
            15.2 %     ( 20 %)     TLMultiplier(V{all})

      Chain swap information:

                  1      2      3      4 
           ------------------------------
         1 |          0.08   0.00   0.00 
         2 |  16816          0.16   0.01 
         3 |  16603  16545          0.22 
         4 |  16657  16665  16714        

      Upper diagonal: Proportion of successful state exchanges between chains
      Lower diagonal: Number of attempted state exchanges between chains

      Chain information:

        ID -- Heat 
       -----------
         1 -- 1.00  (cold chain)
         2 -- 0.77 
         3 -- 0.62 
         4 -- 0.53 

      Heat = 1 / (1 + T * (ID - 1))
         (where T = 0.30 is the temperature and ID is the chain number)

      Setting urn-in to 0
      Setting sumt contype to Allcompat
      Summarizing trees in file "concat_its_rps16.nex.t"
      Using relative burnin ('relburnin=yes'), discarding the first 25 % of sampled trees
      Writing statistics to files concat_its_rps16.nex.<parts|tstat|vstat|trprobs|con>
      Examining file ...
      Found one tree block in file "concat_its_rps16.nex.t" with 1001 trees in last block

      Tree reading status:

      0      10      20      30      40      50      60      70      80      90     100
      v-------v-------v-------v-------v-------v-------v-------v-------v-------v-------v
      *********************************************************************************

      Read 1001 trees from last tree block (sampling 751 of them)
                                                                                   
      General explanation:                                                          
                                                                                   
      In an unrooted tree, a taxon bipartition (split) is specified by removing a   
      branch, thereby dividing the species into those to the left and those to the  
      right of the branch. Here, taxa to one side of the removed branch are denoted 
      '.' and those to the other side are denoted '*'. Specifically, the '.' symbol 
      is used for the taxa on the same side as the outgroup.                        
                                                                                   
      In a rooted or clock tree, the tree is rooted using the model and not by      
      reference to an outgroup. Each bipartition therefore corresponds to a clade,  
      that is, a group that includes all the descendants of a particular branch in  
      the tree.  Taxa that are included in each clade are denoted using '*', and    
      taxa that are not included are denoted using the '.' symbol.                  
                                                                                   
      The output first includes a key to all the bipartitions with frequency larger 
      or equual to (Minpartfreq) in at least one run. Minpartfreq is a parameter to 
      sumt command and currently it is set to 0.10.  This is followed by a table  
      with statistics for the informative bipartitions (those including at least    
      two taxa), sorted from highest to lowest probability. For each bipartition,   
      the table gives the number of times the partition or split was observed in all
      runs (#obs) and the posterior probability of the bipartition (Probab.), which 
      is the same as the split frequency. If several runs are summarized, this is   
      followed by the minimum split frequency (Min(s)), the maximum frequency       
      (Max(s)), and the standard deviation of frequencies (Stddev(s)) across runs.  
      The latter value should approach 0 for all bipartitions as MCMC runs converge.
                                                                                   
      This is followed by a table summarizing branch lengths, node heights (if a    
      clock model was used) and relaxed clock parameters (if a relaxed clock model  
      was used). The mean, variance, and 95 % credible interval are given for each 
      of these parameters. If several runs are summarized, the potential scale      
      reduction factor (PSRF) is also given; it should approach 1 as runs converge. 
      Node heights will take calibration points into account, if such points were   
      used in the analysis.                                                         
                                                                                    
      Note that Stddev may be unreliable if the partition is not present in all     
      runs (the last column indicates the number of runs that sampled the partition 
      if more than one run is summarized). The PSRF is not calculated at all if     
      the partition is not present in all runs.The PSRF is also sensitive to small  
      sample sizes and it should only be considered a rough guide to convergence    
      since some of the assumptions allowing one to interpret it as a true potential
      scale reduction factor are violated in MrBayes.                               
                                                                                    
      List of taxa in bipartitions:                                                 
                                                                                   
         1 -- Ammi_majus
         2 -- Apium_fernandezianum
         3 -- Canaria_tortuosa
         4 -- Deverra_aphylla
         5 -- Deverra_scoparia
         6 -- Deverra_tortuosa
         7 -- Opopanax_hispidus
         8 -- Rutheopsis_herbanica
         9 -- Ammi_huntii
        10 -- Ammi_seubertianum
        11 -- Ammi_trifoliatum
        12 -- Anethum_graveolens
        13 -- Apium_annuum
        14 -- Apium_australe
        15 -- Apium_chilense
        16 -- Apium_commersonnii
        17 -- Apium_decumbens
        18 -- Apium_filiforme
        19 -- Apium_graveolens
        20 -- Apium_insulare
        21 -- Apium_panul
        22 -- Apium_prostratum
        23 -- Apium_sellowianum
        24 -- Billburttia_capensoides
        25 -- Billburttia_vaginoides
        26 -- Conium_maculatum
        27 -- Deverra_battandieri
        28 -- Deverra_burchellii
        29 -- Deverra_denudata
        30 -- Deverra_intermedia
        31 -- Deverra_juncea
        32 -- Deverra_triradiata
        33 -- Foeniculum_sanguineum
        34 -- Foeniculum_vulgare
        35 -- Modesciadium_involucratum
        36 -- Naufraga_balearica
        37 -- Petroselinum_crispum
        38 -- Pseudoridolfia_fennanei
        39 -- Ridolfia_segetum
        40 -- Schoenoselinum_foeniculoides
        41 -- Sclerosciadium_nodiflorum
        42 -- Stoibrax_dichotomum
        43 -- Stoibrax_pomelianum

      Key to taxon bipartitions (saved to file "concat_its_rps16.nex.parts"):

      ID -- Partition
      -------------------------------------------------
       1 -- 
       2 -- 
       3 -- 
       4 -- 
       5 -- 
       6 -- 
       7 -- 
       8 -- 
       9 -- 
      10 -- 
      11 -- 
      12 -- 
      13 -- 
      14 -- 
      15 -- 
      16 -- 
      17 -- 
      18 -- 
      19 -- 
      20 -- 
      21 -- 
      22 -- 
      23 -- 
      24 -- 
      25 -- 
      26 -- 
      27 -- 
      28 -- 
      29 -- 
      30 -- 
      31 -- 
      32 -- 
      33 -- 
      34 -- 
      35 -- 
      36 -- 
      37 -- 
      38 -- 
      39 -- 
      40 -- 
      41 -- 
      42 -- 
      43 -- 
      44 -- 
      45 -- 
      46 -- 
      47 -- 
      48 -- 
      49 -- 
      50 -- 
      51 -- 
      52 -- 
      53 -- 
      54 -- 
      55 -- 
      56 -- 
      57 -- 
      58 -- 
      59 -- 
      60 -- 
      61 -- 
      62 -- 
      63 -- 
      64 -- 
      65 -- 
      66 -- 
      67 -- 
      68 -- 
      69 -- 
      70 -- 
      71 -- 
      72 -- 
      73 -- 
      74 -- 
      75 -- 
      76 -- 
      77 -- 
      78 -- 
      79 -- 
      80 -- 
      81 -- 
      82 -- 
      83 -- 
      84 -- 
      85 -- 
      86 -- 
      87 -- 
      88 -- 
      89 -- 
      90 -- 
      91 -- 
      92 -- 
      93 -- 
      94 -- 
      95 -- 
      96 -- 
      -------------------------------------------------

      Summary statistics for informative taxon bipartitions
         (saved to file "concat_its_rps16.nex.tstat"):

      ID   #obs    Probab.
      --------------------
      44   751    1.000000
      45   751    1.000000
      46   751    1.000000
      47   751    1.000000
      48   751    1.000000
      49   751    1.000000
      50   751    1.000000
      51   751    1.000000
      52   751    1.000000
      53   751    1.000000
      54   751    1.000000
      55   751    1.000000
      56   751    1.000000
      57   751    1.000000
      58   751    1.000000
      59   751    1.000000
      60   751    1.000000
      61   751    1.000000
      62   751    1.000000
      63   751    1.000000
      64   749    0.997337
      65   738    0.982690
      66   729    0.970706
      67   718    0.956059
      68   711    0.946738
      69   697    0.928096
      70   684    0.910786
      71   647    0.861518
      72   647    0.861518
      73   644    0.857523
      74   605    0.805593
      75   604    0.804261
      76   539    0.717710
      77   535    0.712383
      78   506    0.673768
      79   477    0.635153
      80   470    0.625832
      81   445    0.592543
      82   283    0.376831
      83   252    0.335553
      84   247    0.328895
      85   216    0.287617
      86   202    0.268975
      87   191    0.254328
      88   178    0.237017
      89   149    0.198402
      90   132    0.175766
      91    99    0.131824
      92    96    0.127830
      93    92    0.122503
      94    87    0.115846
      95    85    0.113182
      96    78    0.103862
      --------------------

      Summary statistics for branch and node parameters
         (saved to file "concat_its_rps16.nex.vstat"):

                                                   95% HPD Interval
                                                 --------------------
      Parameter           Mean       Variance     Lower       Upper       Median
      --------------------------------------------------------------------------
      length{all}[1]     0.002481    0.000002    0.000436    0.004883    0.002165
      length{all}[2]     0.001326    0.000001    0.000055    0.002884    0.001186
      length{all}[3]     0.001256    0.000001    0.000085    0.003344    0.001022
      length{all}[4]     0.004055    0.000002    0.001128    0.006895    0.003774
      length{all}[5]     0.005847    0.000004    0.001924    0.009225    0.005750
      length{all}[6]     0.013104    0.000009    0.006889    0.018441    0.012551
      length{all}[7]     0.029205    0.000033    0.019039    0.039377    0.029277
      length{all}[8]     0.000601    0.000000    0.000001    0.001640    0.000373
      length{all}[9]     0.000912    0.000001    0.000005    0.002556    0.000700
      length{all}[10]    0.001206    0.000001    0.000037    0.003229    0.000961
      length{all}[11]    0.001364    0.000001    0.000048    0.002974    0.001223
      length{all}[12]    0.007903    0.000006    0.004480    0.013418    0.007444
      length{all}[13]    0.002304    0.000001    0.000616    0.004623    0.002067
      length{all}[14]    0.007350    0.000004    0.003213    0.011899    0.007135
      length{all}[15]    0.003920    0.000003    0.000908    0.008078    0.003764
      length{all}[16]    0.004105    0.000003    0.001433    0.007333    0.003998
      length{all}[17]    0.002282    0.000001    0.000591    0.004489    0.002175
      length{all}[18]    0.002347    0.000002    0.000157    0.005007    0.002075
      length{all}[19]    0.000463    0.000000    0.000002    0.001518    0.000299
      length{all}[20]    0.001982    0.000001    0.000510    0.004724    0.001663
      length{all}[21]    0.004041    0.000005    0.000103    0.007342    0.003989
      length{all}[22]    0.001734    0.000001    0.000239    0.003917    0.001531
      length{all}[23]    0.007136    0.000006    0.003021    0.011551    0.006926
      length{all}[24]    0.000892    0.000001    0.000005    0.002670    0.000687
      length{all}[25]    0.000894    0.000001    0.000008    0.002323    0.000719
      length{all}[26]    0.026820    0.000027    0.017839    0.036179    0.027085
      length{all}[27]    0.018561    0.000011    0.012574    0.024725    0.018379
      length{all}[28]    0.000693    0.000000    0.000000    0.001934    0.000477
      length{all}[29]    0.004208    0.000003    0.001247    0.008270    0.004050
      length{all}[30]    0.013805    0.000007    0.008299    0.018641    0.013558
      length{all}[31]    0.001304    0.000001    0.000117    0.003271    0.000955
      length{all}[32]    0.005143    0.000004    0.001659    0.010322    0.004807
      length{all}[33]    0.006411    0.000006    0.002676    0.010447    0.006059
      length{all}[34]    0.002709    0.000002    0.000704    0.005810    0.002589
      length{all}[35]    0.010651    0.000009    0.004990    0.016797    0.010019
      length{all}[36]    0.035472    0.000029    0.025670    0.045919    0.035806
      length{all}[37]    0.004354    0.000002    0.001708    0.007490    0.004131
      length{all}[38]    0.009376    0.000008    0.005015    0.014087    0.009279
      length{all}[39]    0.003731    0.000003    0.001046    0.007344    0.003435
      length{all}[40]    0.009793    0.000004    0.005261    0.013473    0.009967
      length{all}[41]    0.006616    0.000003    0.002774    0.009839    0.006234
      length{all}[42]    0.001156    0.000001    0.000034    0.002934    0.001044
      length{all}[43]    0.001380    0.000001    0.000127    0.003404    0.001082
      length{all}[44]    0.002038    0.000001    0.000179    0.004043    0.001838
      length{all}[45]    0.010090    0.000008    0.005292    0.016586    0.009876
      length{all}[46]    0.004252    0.000003    0.001412    0.007999    0.003926
      length{all}[47]    0.016672    0.000011    0.010899    0.022682    0.016160
      length{all}[48]    0.019108    0.000011    0.012734    0.024784    0.018961
      length{all}[49]    0.003685    0.000003    0.000868    0.007330    0.003413
      length{all}[50]    0.017965    0.000011    0.012572    0.023930    0.017487
      length{all}[51]    0.001791    0.000001    0.000260    0.003710    0.001616
      length{all}[52]    0.007035    0.000005    0.003684    0.011519    0.006678
      length{all}[53]    0.003644    0.000002    0.000952    0.006657    0.003568
      length{all}[54]    0.004810    0.000003    0.001386    0.008443    0.004391
      length{all}[55]    0.005662    0.000003    0.002480    0.008675    0.005335
      length{all}[56]    0.007575    0.000007    0.003664    0.013475    0.007153
      length{all}[57]    0.002125    0.000001    0.000367    0.003961    0.002014
      length{all}[58]    0.007907    0.000008    0.003362    0.013332    0.007603
      length{all}[59]    0.007560    0.000007    0.003034    0.012231    0.007237
      length{all}[60]    0.010460    0.000009    0.005785    0.016990    0.010077
      length{all}[61]    0.017075    0.000019    0.010267    0.024855    0.016714
      length{all}[62]    0.006213    0.000004    0.003322    0.010488    0.005974
      length{all}[63]    0.010245    0.000006    0.006188    0.014819    0.009995
      length{all}[64]    0.005031    0.000004    0.001750    0.009299    0.004801
      length{all}[65]    0.002946    0.000002    0.000621    0.006022    0.002663
      length{all}[66]    0.002956    0.000002    0.000698    0.005993    0.002669
      length{all}[67]    0.003233    0.000002    0.001001    0.006085    0.003020
      length{all}[68]    0.001999    0.000002    0.000015    0.004397    0.001725
      length{all}[69]    0.002140    0.000001    0.000543    0.004684    0.001968
      length{all}[70]    0.002206    0.000002    0.000034    0.004789    0.001789
      length{all}[71]    0.001764    0.000001    0.000028    0.003907    0.001591
      length{all}[72]    0.002510    0.000002    0.000441    0.005344    0.002391
      length{all}[73]    0.001254    0.000001    0.000024    0.003014    0.001122
      length{all}[74]    0.001916    0.000001    0.000317    0.003635    0.001742
      length{all}[75]    0.001702    0.000002    0.000025    0.004058    0.001387
      length{all}[76]    0.001203    0.000001    0.000009    0.003009    0.000832
      length{all}[77]    0.002028    0.000001    0.000313    0.004591    0.001870
      length{all}[78]    0.001658    0.000002    0.000029    0.004455    0.001211
      length{all}[79]    0.002939    0.000005    0.000021    0.007818    0.002429
      length{all}[80]    0.001301    0.000001    0.000025    0.003299    0.001049
      length{all}[81]    0.001349    0.000001    0.000011    0.002911    0.001196
      length{all}[82]    0.000639    0.000000    0.000002    0.002000    0.000427
      length{all}[83]    0.000625    0.000000    0.000002    0.002209    0.000400
      length{all}[84]    0.000794    0.000001    0.000009    0.002621    0.000539
      length{all}[85]    0.000644    0.000000    0.000002    0.001914    0.000509
      length{all}[86]    0.000675    0.000000    0.000009    0.001817    0.000526
      length{all}[87]    0.000855    0.000001    0.000004    0.002356    0.000528
      length{all}[88]    0.001767    0.000003    0.000010    0.006278    0.001153
      length{all}[89]    0.000602    0.000000    0.000010    0.001909    0.000454
      length{all}[90]    0.000605    0.000000    0.000008    0.001536    0.000509
      length{all}[91]    0.000913    0.000001    0.000007    0.002603    0.000600
      length{all}[92]    0.000769    0.000001    0.000005    0.002389    0.000461
      length{all}[93]    0.001034    0.000001    0.000005    0.003133    0.000608
      length{all}[94]    0.001062    0.000000    0.000000    0.002024    0.000827
      length{all}[95]    0.000723    0.000001    0.000006    0.002786    0.000422
      length{all}[96]    0.002630    0.000004    0.000552    0.006077    0.002205
      --------------------------------------------------------------------------




      Clade credibility values:

      Subtree rooted at node 64:

                                                           /----- Apium_fernandez~ (2)
                                                     /-100-+                          
                                                     |     \----- Apium_prostrat~ (22)
                                                /-86-+                                
                                                |    \----------- Apium_insulare (20)
                                           /-100+                                     
                                           |    \---------------- Apium_annuum (13)
                                      /-33-+                                          
                                      |    |               /----- Apium_commerso~ (16)
                                      |    \------100------+                          
                                      |                    \----- Apium_sellowia~ (23)
                                      |                                               
                                /-100-+              /----------- Apium_australe (14)
                                |     |              |                                
                                |     |         /-96-+     /----- Apium_chilense (15)
                                |     |         |    \--64-+                          
                           /-38-+     \----72---+          \----- Apium_panul (21)
                           |    |               |                                     
                           |    |               \---------------- Apium_filiforme (18)
                      /-100+    |                                                     
                      |    |    \-------------------------------- Apium_graveole~ (19)
                      |    |                                                          
                 /-100+    \------------------------------------- Apium_decumbens (17)
                 |    |                                                               
                 |    \------------------------------------------ Naufraga_balea~ (36)
                 |                                                                    
           /--86-+                         /--------------------- Anethum_graveo~ (12)
           |     |                         |                                          
           |     |                         |               /----- Foeniculum_san~ (33)
           |     |                         |         /--80-+                          
           |     \-----------100-----------+         |     \----- Foeniculum_vul~ (34)
           |                               |    /-59-+                                
           |                               |    |    \----------- Pseudoridolfia~ (38)
           |                               \-71-+                                     
      --100+                                    |          /----- Ridolfia_seget~ (39)
           |                                    \----86----+                          
           |                                               \----- Schoenoselinum~ (40)
           |                                                                          
           |                                               /----- Opopanax_hispid~ (7)
           |                                         /-100-+                          
           |                                         |     \----- Conium_maculat~ (26)
           \-------------------100-------------------+                                
                                                     |     /----- Stoibrax_dicho~ (42)
                                                     \-100-+                          
                                                           \----- Stoibrax_pomel~ (43)
                                                                                      
      Root part of tree:

      /---------------------------------------------------------- Ammi_majus (1)
      |                                                                               
      |                  /--------------------------------------- (64)
      |                  |                                                            
      |                  |                                /------ Deverra_aphylla (4)
      |                  |                         /--100-+                           
      |                  |                         |      \------ Deverra_burche~ (28)
      |                  |                   /--98-+                                  
      |                  |                   |     \------------- Deverra_trirad~ (32)
      |            /--67-+            /--91--+                                        
      |            |     |            |      \------------------- Deverra_interm~ (30)
      |            |     |      /-100-+                                               
      |            |     |      |     \-------------------------- Deverra_battan~ (27)
      |            |     |      |                                                     
      |            |     |      |                  /------------- Deverra_scoparia (5)
      |            |     \--81--+                  |                                  
      |     /--100-+            |            /-100-+      /------ Deverra_denuda~ (29)
      |     |      |            |            |     \--97--+                           
      |     |      |            \-----100----+            \------ Deverra_juncea (31)
      |     |      |                         |                                        
      +     |      |                         \------------------- Deverra_tortuosa (6)
      |     |      |                                                                  
      |     |      |                                      /------ Billburttia_ca~ (24)
      |     |      \------------------100-----------------+                           
      |-100-+                                             \------ Billburttia_va~ (25)
      |     |                                                                         
      |     |                                             /------ Canaria_tortuosa (3)
      |     |                                      /--100-+                           
      |     |                                      |      \------ Rutheopsis_herb~ (8)
      |     |                                /--95-+                                  
      |     |                                |     \------------- Sclerosciadium~ (41)
      |     \---------------93---------------+                                        
      |                                      |            /------ Modesciadium_i~ (35)
      |                                      \-----100----+                           
      |                                                   \------ Petroselinum_c~ (37)
      |                                                                               
      |                                                   /------ Ammi_huntii (9)
      |                                            /--63--+                           
      |                                            |      \------ Ammi_trifoliat~ (11)
      \---------------------100--------------------+                                  
                                                   \------------- Ammi_seubertia~ (10)
                                                                                      

      Phylogram (based on average branch lengths):

                                                                                                                                                                                                                                                                                                                                                                                                                                                                                                                                          /-- Ammi_majus (1)
      |                                                                               
      |                                           /- Apium_fernandez~ (2)
      |                                          /+                                   
      |                                          |\- Apium_prostrat~ (22)
      |                                         /+                                    
      |                                         |\- Apium_insulare (20)
      |                                       /-+                                     
      |                                       | \- Apium_annuum (13)
      |                                       |                                       
      |                                       |   /--- Apium_commerso~ (16)
      |                                       |---+                                   
      |                                       |   \------ Apium_sellowia~ (23)
      |                                       |                                       
      |                                    /--+  /----- Apium_australe (14)
      |                                    |  |  |                                    
      |                                    |  |/-+ /-- Apium_chilense (15)
      |                                    |  || \-+                                  
      |                                    |  \+   \--- Apium_panul (21)
      |                                    |   |                                      
      |                                    |   \- Apium_filiforme (18)
      |                              /-----+                                          
      |                              |     |- Apium_graveole~ (19)
      |                              |     |                                          
      |                /-------------+     \-- Apium_decumbens (17)
      |                |             |                                                
      |                |             \--------------------------- Naufraga_balea~ (36)
      |                |                                                              
      |               /+    /------ Anethum_graveo~ (12)
      |               ||    |                                                         
      |               ||    |   /---- Foeniculum_san~ (33)
      |               ||    | /-+                                                     
      |               |\----+ | \- Foeniculum_vul~ (34)
      |               |     | |                                                       
      |               |     | |------- Pseudoridolfia~ (38)
      |               |     \-+                                                       
      |            /--+       |/--- Ridolfia_seget~ (39)
      |            |  |       \+                                                      
      |            |  |        \-------- Schoenoselinum~ (40)
      |            |  |                                                               
      |            |  |                 /---------------------- Opopanax_hispid~ (7)
      |            |  |    /------------+                                             
      +            |  |    |            \-------------------- Conium_maculat~ (26)
      |            |  \----+                                                          
      |            |       |           /- Stoibrax_dicho~ (42)
      |            |       \-----------+                                              
      |            |                   \- Stoibrax_pomel~ (43)
      |            |                                                                  
      |           /+              /--- Deverra_aphylla (4)
      |           ||           /--+                                                   
      |           ||           |  \ Deverra_burche~ (28)
      |           ||         /-+                                                      
      |           ||         | \--- Deverra_trirad~ (32)
      |           ||        /+                                                        
      |           ||        |\---------- Deverra_interm~ (30)
      |           ||/-------+                                                         
      |           |||       \------------- Deverra_battan~ (27)
      |           |||                                                                 
      |   /-------+||          /---- Deverra_scoparia (5)
      |   |       |\+          |                                                      
      |   |       | |      /---+ /--- Deverra_denuda~ (29)
      |   |       | |      |   \-+                                                    
      |   |       | \------+     \- Deverra_juncea (31)
      |   |       |        |                                                          
      |   |       |        \---------- Deverra_tortuosa (6)
      |   |       |                                                                   
      |   |       |            / Billburttia_ca~ (24)
      |---+       \------------+                                                      
      |   |                    \ Billburttia_va~ (25)
      |   |                                                                           
      |   |        / Canaria_tortuosa (3)
      |   |  /-----+                                                                  
      |   |  |     \ Rutheopsis_herb~ (8)
      |   | /+                                                                        
      |   | |\----- Sclerosciadium~ (41)
      |   \-+                                                                         
      |     | /-------- Modesciadium_i~ (35)
      |     \-+                                                                       
      |       \---- Petroselinum_c~ (37)
      |                                                                               
      | /- Ammi_huntii (9)
      |/+                                                                             
      ||\- Ammi_trifoliat~ (11)
      \+                                                                              
       \- Ammi_seubertia~ (10)
                                                                                      
      |-------------| 0.020 expected changes per site

      Calculating tree probabilities...

      Credible sets of trees (655 trees sampled):
         50 % credible set contains 280 trees
         90 % credible set contains 580 trees
         95 % credible set contains 618 trees
         99 % credible set contains 648 trees

      Setting burn-in to 0
      Summarizing parameters in file concat_its_rps16.nex.p
      Writing summary statistics to file concat_its_rps16.nex.pstat
      Using relative burnin ('relburnin=yes'), discarding the first 25 % of samples

      Below is a rough plot of the generation (x-axis) versus the log   
      probability of observing the data (y-axis). You can use this      
      graph to determine what the burn in for your analysis should be.  
      When the log probability starts to plateau you may be at station- 
      arity. Sample trees and parameters after the log probability      
      plateaus. Of course, this is not a guarantee that you are at sta- 
      analysis should be. When the log probability starts to plateau    
      tionarity. When possible, run multiple analyses starting from dif-
      ferent random trees; if the inferences you make for independent   
      analyses are the same, this is reasonable evidence that the chains
      have converged. You can use MrBayes to run several independent    
      analyses simultaneously. During such a run, MrBayes will monitor  
      the convergence of topologies. After the run has been completed,  
      the 'sumt' and 'sump' functions will provide additional conver-   
      gence diagnostics for all the parameters in your model. Remember  
      that the burn in is the number of samples to discard. There are   
      a total of ngen / samplefreq samples taken during a MCMC analysis.

   +------------------------------------------------------------+ -5954.249
   |                                                       *    |
   |                 *                                          |
   |                                                          * |
   |                                  *                  ** *   |
   |    *                                *      *   *           |
   |*  *     *                     * *     *       * *          |
   |        *         *    *   *  * *                   *    *  |
   |  *   *        **                  ** *  * *      *        *|
   |          **  *          *              *    *     *        |
   | *   * *           ** *   * *                               |
   |             *                            *                 |
   |            *                                 *             |
   |                        *    *                              |
   |                                                            |
   |                     *                                      |
   +------+-----+-----+-----+-----+-----+-----+-----+-----+-----+ -5981.608
   ^                                                            ^
   25000                                                       100000


      Estimated marginal likelihoods for run sampled in file "concat_its_rps16.nex.p":
         (Use the harmonic mean for Bayes factor comparisons of models)
         (Values are saved to the file concat_its_rps16.nex.lstat)

      Arithmetic mean   Harmonic mean
      --------------------------------
         -5953.77         -5985.66
      --------------------------------


      Model parameter summaries for run sampled in file "concat_its_rps16.nex":
         Based on a total of 751 samples out of a total of 1001 samples
            from this analysis.
         Parameter summaries saved to file "concat_its_rps16.nex.pstat".

                                              95% HPD Interval
                                            --------------------
      Parameter       Mean      Variance     Lower       Upper       Median     ESS*
      ---------------------------------------------------------------------------------
      TL{all}       0.476147    0.000638    0.429914    0.527021    0.476338    308.92
      r(A<->C){1}   0.076292    0.000135    0.052587    0.097185    0.075639     80.77
      r(A<->G){1}   0.230756    0.000597    0.187650    0.274348    0.231155     73.16
      r(A<->T){1}   0.123462    0.000318    0.089896    0.156268    0.122607     85.16
      r(C<->G){1}   0.031752    0.000064    0.016478    0.046939    0.031485     61.56
      r(C<->T){1}   0.460443    0.000735    0.401132    0.507491    0.457796     64.92
      r(G<->T){1}   0.077295    0.000155    0.047169    0.096223    0.076743     84.21
      r(A<->C){2}   0.168226    0.001095    0.100971    0.224069    0.167049     46.53
      r(A<->G){2}   0.224541    0.001281    0.163488    0.302042    0.222171     47.18
      r(A<->T){2}   0.044664    0.000188    0.021383    0.068567    0.043274     83.86
      r(C<->G){2}   0.143454    0.001217    0.077556    0.206979    0.141159     18.10
      r(C<->T){2}   0.216629    0.001528    0.132056    0.285733    0.218627     41.30
      r(G<->T){2}   0.202487    0.000813    0.154248    0.260608    0.201563     69.18
      pi(A){2}      0.343295    0.000213    0.317677    0.373382    0.342486    119.83
      pi(C){2}      0.153488    0.000128    0.131491    0.173740    0.152876    108.20
      pi(G){2}      0.186992    0.000144    0.168165    0.213864    0.186285    104.85
      pi(T){2}      0.316226    0.000210    0.283119    0.339908    0.316719    154.18
      alpha{1}      0.533816    0.005455    0.405049    0.674852    0.528250    165.56
      alpha{2}      0.110343    0.006780    0.000396    0.254909    0.110087     31.45
      m{1}          1.801578    0.003818    1.681979    1.918137    1.806028    230.07
      m{2}          0.484141    0.001581    0.409130    0.561110    0.481278    230.07
      ---------------------------------------------------------------------------------
      * Convergence diagnostic (ESS = Estimated Sample Size); ESS value 
        below 100 may indicate that the parameter is undersampled. 


