      Logging screen output to file "its.log"
      Setting autoclose to yes
      Setting nowarnings to no
      Setting autoreplace to no
      Defining charset called 'ITS'
      Defining partition called 'PartitionFinder'
      Setting PartitionFinder as the partition (does not divide up characters).
      Setting model defaults
      Seed (for generating default start values) = 583740255
      Setting Nst to 6 for partition 1
      Setting Rates to Gamma for partition 1
      Successfully set likelihood model parameters
      Setting Statefreqpr to Fixed(Equal) for partition 1
      Successfully set prior model parameters
      Setting Ratepr to Variable [Dirichlet(..,1,..)] for partition 1
      Successfully set prior model parameters
      Unlinking
      Setting number of chains to 4
      Setting number of generations to 100000
      WARNING: Reallocation of zero size attempted. This is probably a bug. Problems may follow.
      WARNING: Reallocation of zero size attempted. This is probably a bug. Problems may follow.
      Setting number of runs to 1
      Setting heating parameter to 0.300000
      Setting sample frequency to 100
      Setting print frequency to 1000
      Setting calculation of MCMC diagnostics ('Mcmcdiagn') to yes
      Setting diagnosing frequency to 1000
      Setting check-pointing ('Checkpoint') to yes
      Setting check-pointing frequency to 200
      Setting append to no
      Setting chain output file names to "its.nex.<p/t>"
      Successfully set chain parameters
      Running Markov chain
      MCMC stamp = 4261592767
      Seed = 1963584758
      Swapseed = 1686785899
      Model settings:

         Data not partitioned --
            Datatype  = DNA
            Nucmodel  = 4by4
            Nst       = 6
                        Substitution rates, expressed as proportions
                        of the rate sum, have a Dirichlet prior
                        (1.00,1.00,1.00,1.00,1.00,1.00)
            Covarion  = No
            # States  = 4
                        State frequencies are fixed to be equal
            Rates     = Gamma
                        The distribution is approximated using 4 categories.
                        Shape parameter is exponentially
                        distributed with parameter (1.00).

      Active parameters: 

         Parameters
         ---------------------
         Revmat              1
         Statefreq           2
         Shape               3
         Ratemultiplier      4
         Topology            5
         Brlens              6
         ---------------------

         1 --  Parameter  = Revmat
               Type       = Rates of reversible rate matrix
               Prior      = Dirichlet(1.00,1.00,1.00,1.00,1.00,1.00)

         2 --  Parameter  = Pi
               Type       = Stationary state frequencies
               Prior      = Fixed

         3 --  Parameter  = Alpha
               Type       = Shape of scaled gamma distribution of site rates
               Prior      = Exponential(1.00)

         4 --  Parameter  = Ratemultiplier
               Type       = Partition-specific rate multiplier
               Prior      = Dirichlet(1.00)

         5 --  Parameter  = Tau
               Type       = Topology
               Prior      = All topologies equally probable a priori
               Subparam.  = V

         6 --  Parameter  = V
               Type       = Branch lengths
               Prior      = Unconstrained:GammaDir(1.0,0.1000,1.0,1.0)


      Number of chains per MPI processor = 4

      The MCMC sampler will use the following moves:
         With prob.  Chain will use move
            0.93 %   Dirichlet(Revmat)
            0.93 %   Slider(Revmat)
            1.87 %   Multiplier(Alpha)
            1.40 %   Dirichlet(Ratemultiplier)
            1.40 %   Slider(Ratemultiplier)
            9.35 %   ExtSPR(Tau,V)
            9.35 %   ExtTBR(Tau,V)
            9.35 %   NNI(Tau,V)
            9.35 %   ParsSPR(Tau,V)
           37.38 %   Multiplier(V)
           13.08 %   Nodeslider(V)
            5.61 %   TLMultiplier(V)

      Division 1 has 239 unique site patterns
      Initializing conditional likelihoods

      Running benchmarks to automatically select fastest BEAGLE resource... 
      Using BEAGLE v4.0.0 (PRE-RELEASE) resource 0 for division 1:
         Rsrc Name : CPU (x86_64)
         Impl Name : CPU-4State-Single
         Flags: PROCESSOR_CPU PRECISION_SINGLE COMPUTATION_SYNCH EIGEN_REAL
                SCALING_MANUAL SCALERS_RAW VECTOR_NONE THREADING_CPP         MODEL STATES: 4

      Initial log likelihoods and log prior probs:
         Chain 1 -- -6757.846862 -- 102.213109
         Chain 2 -- -7208.880885 -- 102.213109
         Chain 3 -- -7057.367772 -- 102.213109
         Chain 4 -- -6995.727475 -- 102.213109


      Chain results (100000 generations requested):

         0 -- [-6757.847] (-7208.881) (-7057.368) (-6995.727) (...0 remote chains...) 
      1000 -- (-3873.826) [-3751.637] (-3945.912) (-4041.225) (...0 remote chains...) -- 0:01:39
      2000 -- (-3598.880) [-3486.509] (-3543.683) (-3604.664) (...0 remote chains...) -- 0:00:49
      3000 -- (-3530.331) [-3457.978] (-3471.727) (-3499.279) (...0 remote chains...) -- 0:01:04
      4000 -- (-3548.379) [-3435.610] (-3447.753) (-3450.338) (...0 remote chains...) -- 0:00:48
      5000 -- (-3481.214) [-3414.311] (-3449.378) (-3492.392) (...0 remote chains...) -- 0:00:56
      6000 -- (-3465.385) [-3420.029] (-3435.254) (-3454.836) (...0 remote chains...) -- 0:00:47
      7000 -- (-3488.461) [-3430.870] (-3438.012) (-3453.511) (...0 remote chains...) -- 0:00:53
      8000 -- (-3500.517) [-3430.354] (-3449.069) (-3452.653) (...0 remote chains...) -- 0:00:57
      9000 -- (-3468.932) [-3431.688] (-3445.310) (-3452.818) (...0 remote chains...) -- 0:00:50
      10000 -- (-3481.054) [-3411.053] (-3431.782) (-3447.153) (...0 remote chains...) -- 0:00:53
      11000 -- (-3495.689) [-3418.948] (-3448.302) (-3432.114) (...0 remote chains...) -- 0:00:48
      12000 -- (-3464.513) [-3420.761] (-3438.274) (-3446.544) (...0 remote chains...) -- 0:00:51
      13000 -- (-3513.344) [-3420.850] (-3458.817) (-3451.236) (...0 remote chains...) -- 0:00:53
      14000 -- (-3485.492) [-3416.533] (-3437.302) (-3475.403) (...0 remote chains...) -- 0:00:49
      15000 -- (-3486.233) [-3416.753] (-3452.278) (-3464.144) (...0 remote chains...) -- 0:00:50
      16000 -- (-3467.456) [-3414.291] (-3426.564) (-3451.303) (...0 remote chains...) -- 0:00:47
      17000 -- (-3462.181) [-3420.271] (-3440.650) (-3474.705) (...0 remote chains...) -- 0:00:48
      18000 -- (-3496.373) [-3420.617] (-3424.857) (-3476.796) (...0 remote chains...) -- 0:00:45
      19000 -- (-3460.735) [-3429.809] (-3436.292) (-3463.072) (...0 remote chains...) -- 0:00:46
      20000 -- (-3489.650) [-3424.636] (-3442.756) (-3451.928) (...0 remote chains...) -- 0:00:44
      21000 -- (-3479.672) [-3436.551] (-3452.249) (-3440.333) (...0 remote chains...) -- 0:00:45
      22000 -- (-3467.186) [-3431.631] (-3477.629) (-3437.613) (...0 remote chains...) -- 0:00:42
      23000 -- (-3488.638) [-3421.775] (-3451.491) (-3435.878) (...0 remote chains...) -- 0:00:43
      24000 -- (-3457.944) [-3421.189] (-3459.250) (-3459.726) (...0 remote chains...) -- 0:00:41
      25000 -- (-3486.394) [-3426.147] (-3433.980) (-3455.203) (...0 remote chains...) -- 0:00:41
      26000 -- (-3471.715) [-3416.492] (-3423.999) (-3455.420) (...0 remote chains...) -- 0:00:42
      27000 -- (-3475.722) [-3419.449] (-3417.217) (-3450.069) (...0 remote chains...) -- 0:00:40
      28000 -- (-3471.070) [-3419.205] (-3433.730) (-3462.038) (...0 remote chains...) -- 0:00:41
      29000 -- (-3472.313) [-3425.161] (-3433.427) (-3450.677) (...0 remote chains...) -- 0:00:39
      30000 -- (-3452.686) [-3415.390] (-3447.658) (-3443.142) (...0 remote chains...) -- 0:00:39
      31000 -- (-3471.775) [-3418.321] (-3441.685) (-3449.341) (...0 remote chains...) -- 0:00:37
      32000 -- (-3458.504) [-3409.161] (-3433.065) (-3458.239) (...0 remote chains...) -- 0:00:38
      33000 -- (-3469.764) [-3423.363] (-3434.342) (-3467.615) (...0 remote chains...) -- 0:00:38
      34000 -- (-3482.582) [-3427.070] (-3437.637) (-3461.615) (...0 remote chains...) -- 0:00:36
      35000 -- (-3505.057) [-3431.851] (-3433.180) (-3463.354) (...0 remote chains...) -- 0:00:37
      36000 -- (-3457.338) [-3407.133] (-3448.949) (-3472.851) (...0 remote chains...) -- 0:00:35
      37000 -- (-3445.561) [-3420.368] (-3453.248) (-3478.528) (...0 remote chains...) -- 0:00:35
      38000 -- (-3454.057) [-3427.228] (-3431.606) (-3482.152) (...0 remote chains...) -- 0:00:34
      39000 -- (-3468.657) [-3424.834] (-3452.302) (-3459.438) (...0 remote chains...) -- 0:00:34
      40000 -- (-3458.838) [-3425.060] (-3450.494) (-3480.400) (...0 remote chains...) -- 0:00:33
      41000 -- (-3440.447) [-3425.857] (-3432.052) (-3473.158) (...0 remote chains...) -- 0:00:33
      42000 -- (-3461.000) [-3414.950] (-3442.784) (-3475.782) (...0 remote chains...) -- 0:00:33
      43000 -- (-3439.130) [-3413.662] (-3430.515) (-3480.625) (...0 remote chains...) -- 0:00:31
      44000 -- (-3444.344) [-3410.888] (-3429.624) (-3466.410) (...0 remote chains...) -- 0:00:31
      45000 -- (-3442.648) [-3412.727] (-3444.581) (-3468.575) (...0 remote chains...) -- 0:00:30
      46000 -- (-3456.959) [-3408.288] (-3443.613) (-3468.966) (...0 remote chains...) -- 0:00:30
      47000 -- (-3448.820) [-3412.375] (-3428.971) (-3456.373) (...0 remote chains...) -- 0:00:29
      48000 -- (-3452.053) [-3415.103] (-3439.983) (-3454.831) (...0 remote chains...) -- 0:00:29
      49000 -- (-3458.126) [-3440.244] (-3422.565) (-3459.049) (...0 remote chains...) -- 0:00:29
      50000 -- (-3452.213) [-3437.093] (-3429.008) (-3465.041) (...0 remote chains...) -- 0:00:27
      51000 -- (-3444.961) [-3420.878] (-3435.744) (-3470.730) (...0 remote chains...) -- 0:00:27
      52000 -- (-3437.151) [-3430.489] (-3446.339) (-3435.363) (...0 remote chains...) -- 0:00:26
      53000 -- (-3461.443) [-3436.137] (-3434.456) (-3460.451) (...0 remote chains...) -- 0:00:26
      54000 -- (-3467.613) [-3444.498] (-3439.148) (-3468.601) (...0 remote chains...) -- 0:00:25
      55000 -- (-3443.045) [-3418.608] (-3433.721) (-3515.640) (...0 remote chains...) -- 0:00:25
      56000 -- (-3448.143) [-3410.356] (-3434.374) (-3476.243) (...0 remote chains...) -- 0:00:24
      57000 -- (-3443.961) [-3409.630] (-3433.841) (-3476.707) (...0 remote chains...) -- 0:00:24
      58000 -- (-3464.135) [-3424.560] (-3427.825) (-3453.791) (...0 remote chains...) -- 0:00:23
      59000 -- (-3463.324) [-3424.457] (-3438.403) (-3485.842) (...0 remote chains...) -- 0:00:22
      60000 -- (-3454.938) [-3426.663] (-3423.334) (-3469.127) (...0 remote chains...) -- 0:00:22
      61000 -- (-3487.524) [-3420.709] (-3455.703) (-3473.062) (...0 remote chains...) -- 0:00:21
      62000 -- (-3464.635) [-3420.252] (-3450.652) (-3468.215) (...0 remote chains...) -- 0:00:21
      63000 -- (-3456.985) [-3424.070] (-3442.104) (-3465.929) (...0 remote chains...) -- 0:00:20
      64000 -- (-3445.979) [-3417.293] (-3434.503) (-3475.941) (...0 remote chains...) -- 0:00:20
      65000 -- (-3447.841) [-3424.270] (-3445.702) (-3474.367) (...0 remote chains...) -- 0:00:19
      66000 -- (-3447.712) [-3419.607] (-3420.702) (-3483.289) (...0 remote chains...) -- 0:00:19
      67000 -- (-3458.932) [-3420.763] (-3428.459) (-3457.851) (...0 remote chains...) -- 0:00:18
      68000 -- (-3438.049) [-3419.063] (-3428.638) (-3470.836) (...0 remote chains...) -- 0:00:18
      69000 -- (-3457.612) [-3415.171] (-3440.618) (-3457.994) (...0 remote chains...) -- 0:00:17
      70000 -- (-3454.923) [-3414.477] (-3422.289) (-3479.901) (...0 remote chains...) -- 0:00:17
      71000 -- (-3434.127) [-3444.544] (-3433.621) (-3475.286) (...0 remote chains...) -- 0:00:16
      72000 -- (-3427.093) [-3428.151] (-3449.964) (-3482.490) (...0 remote chains...) -- 0:00:15
      73000 -- (-3467.671) [-3425.225] (-3436.335) (-3472.152) (...0 remote chains...) -- 0:00:15
      74000 -- (-3475.845) [-3410.905] (-3431.761) (-3460.241) (...0 remote chains...) -- 0:00:14
      75000 -- (-3451.811) [-3423.075] (-3439.071) (-3431.046) (...0 remote chains...) -- 0:00:14
      76000 -- (-3441.587) [-3430.229] (-3437.819) (-3448.499) (...0 remote chains...) -- 0:00:13
      77000 -- (-3454.086) [-3415.963] (-3436.022) (-3460.482) (...0 remote chains...) -- 0:00:13
      78000 -- (-3464.064) [-3415.884] (-3435.149) (-3441.586) (...0 remote chains...) -- 0:00:12
      79000 -- (-3487.030) [-3407.021] (-3435.010) (-3443.701) (...0 remote chains...) -- 0:00:11
      80000 -- (-3465.437) [-3412.187] (-3436.626) (-3446.939) (...0 remote chains...) -- 0:00:11
      81000 -- (-3461.783) [-3414.992] (-3452.347) (-3444.196) (...0 remote chains...) -- 0:00:11
      82000 -- (-3449.947) [-3422.926] (-3466.493) (-3454.435) (...0 remote chains...) -- 0:00:10
      83000 -- (-3469.884) [-3417.270] (-3452.468) (-3435.964) (...0 remote chains...) -- 0:00:09
      84000 -- (-3458.432) [-3437.201] (-3443.506) (-3450.275) (...0 remote chains...) -- 0:00:09
      85000 -- (-3455.138) [-3420.357] (-3461.071) (-3439.780) (...0 remote chains...) -- 0:00:08
      86000 -- (-3469.490) [-3420.446] (-3454.323) (-3446.152) (...0 remote chains...) -- 0:00:08
      87000 -- (-3456.488) [-3420.697] (-3463.400) (-3453.239) (...0 remote chains...) -- 0:00:07
      88000 -- (-3456.274) [-3425.428] (-3470.362) (-3444.204) (...0 remote chains...) -- 0:00:06
      89000 -- (-3458.709) [-3423.965] (-3468.325) (-3447.533) (...0 remote chains...) -- 0:00:06
      90000 -- (-3476.955) [-3414.455] (-3449.842) (-3449.229) (...0 remote chains...) -- 0:00:05
      91000 -- (-3465.954) [-3426.034] (-3479.811) (-3435.343) (...0 remote chains...) -- 0:00:05
      92000 -- (-3464.664) [-3429.449] (-3456.805) (-3428.198) (...0 remote chains...) -- 0:00:04
      93000 -- (-3478.018) [-3435.346] (-3446.988) (-3435.063) (...0 remote chains...) -- 0:00:04
      94000 -- (-3472.497) [-3443.556] (-3440.004) (-3446.224) (...0 remote chains...) -- 0:00:03
      95000 -- (-3453.670) [-3425.633] (-3454.444) (-3443.079) (...0 remote chains...) -- 0:00:02
      96000 -- (-3489.057) [-3410.024] (-3449.168) (-3428.069) (...0 remote chains...) -- 0:00:02
      97000 -- (-3477.494) [-3411.741] (-3461.788) (-3437.988) (...0 remote chains...) -- 0:00:01
      98000 -- (-3450.731) [-3417.929] (-3445.184) (-3454.329) (...0 remote chains...) -- 0:00:01
      99000 -- (-3464.322) [-3414.948] (-3445.527) (-3434.941) (...0 remote chains...) -- 0:00:00
      100000 -- (-3465.034) [-3421.028] (-3456.130) (-3447.575) (...0 remote chains...) -- 0:00:00

      Analysis completed in 59 seconds
      Analysis used 56.24 seconds of CPU time on processor 0
      Log likelihood of best state for "cold" chain was -3400.90

      Acceptance rates for the moves in the "cold" chain:
         With prob.   (last 100)   chain accepted proposals by move
            39.9 %     ( 34 %)     Dirichlet(Revmat)
            60.0 %     ( 67 %)     Slider(Revmat)
            47.6 %     ( 39 %)     Multiplier(Alpha)
             0.5 %     (  0 %)     Dirichlet(Ratemultiplier)
            82.7 %     ( 79 %)     Slider(Ratemultiplier)
            12.1 %     (  9 %)     ExtSPR(Tau,V)
             7.5 %     (  8 %)     ExtTBR(Tau,V)
            15.4 %     ( 19 %)     NNI(Tau,V)
            16.7 %     ( 20 %)     ParsSPR(Tau,V)
            36.5 %     ( 22 %)     Multiplier(V)
            42.9 %     ( 44 %)     Nodeslider(V)
            19.0 %     ( 22 %)     TLMultiplier(V)

      Chain swap information:

                  1      2      3      4 
           ------------------------------
         1 |          0.00   0.00   0.00 
         2 |  16674          0.03   0.00 
         3 |  16730  16488          0.04 
         4 |  16691  16679  16738        

      Upper diagonal: Proportion of successful state exchanges between chains
      Lower diagonal: Number of attempted state exchanges between chains

      Chain information:

        ID -- Heat 
       -----------
         1 -- 1.00  (cold chain)
         2 -- 0.77 
         3 -- 0.62 
         4 -- 0.53 

      Heat = 1 / (1 + T * (ID - 1))
         (where T = 0.30 is the temperature and ID is the chain number)

      Setting urn-in to 0
      Setting sumt contype to Allcompat
      Summarizing trees in file "its.nex.t"
      Using relative burnin ('relburnin=yes'), discarding the first 25 % of sampled trees
      Writing statistics to files its.nex.<parts|tstat|vstat|trprobs|con>
      Examining file ...
      Found one tree block in file "its.nex.t" with 1001 trees in last block

      Tree reading status:

      0      10      20      30      40      50      60      70      80      90     100
      v-------v-------v-------v-------v-------v-------v-------v-------v-------v-------v
      *********************************************************************************

      Read 1001 trees from last tree block (sampling 751 of them)
                                                                                   
      General explanation:                                                          
                                                                                   
      In an unrooted tree, a taxon bipartition (split) is specified by removing a   
      branch, thereby dividing the species into those to the left and those to the  
      right of the branch. Here, taxa to one side of the removed branch are denoted 
      '.' and those to the other side are denoted '*'. Specifically, the '.' symbol 
      is used for the taxa on the same side as the outgroup.                        
                                                                                   
      In a rooted or clock tree, the tree is rooted using the model and not by      
      reference to an outgroup. Each bipartition therefore corresponds to a clade,  
      that is, a group that includes all the descendants of a particular branch in  
      the tree.  Taxa that are included in each clade are denoted using '*', and    
      taxa that are not included are denoted using the '.' symbol.                  
                                                                                   
      The output first includes a key to all the bipartitions with frequency larger 
      or equual to (Minpartfreq) in at least one run. Minpartfreq is a parameter to 
      sumt command and currently it is set to 0.10.  This is followed by a table  
      with statistics for the informative bipartitions (those including at least    
      two taxa), sorted from highest to lowest probability. For each bipartition,   
      the table gives the number of times the partition or split was observed in all
      runs (#obs) and the posterior probability of the bipartition (Probab.), which 
      is the same as the split frequency. If several runs are summarized, this is   
      followed by the minimum split frequency (Min(s)), the maximum frequency       
      (Max(s)), and the standard deviation of frequencies (Stddev(s)) across runs.  
      The latter value should approach 0 for all bipartitions as MCMC runs converge.
                                                                                   
      This is followed by a table summarizing branch lengths, node heights (if a    
      clock model was used) and relaxed clock parameters (if a relaxed clock model  
      was used). The mean, variance, and 95 % credible interval are given for each 
      of these parameters. If several runs are summarized, the potential scale      
      reduction factor (PSRF) is also given; it should approach 1 as runs converge. 
      Node heights will take calibration points into account, if such points were   
      used in the analysis.                                                         
                                                                                    
      Note that Stddev may be unreliable if the partition is not present in all     
      runs (the last column indicates the number of runs that sampled the partition 
      if more than one run is summarized). The PSRF is not calculated at all if     
      the partition is not present in all runs.The PSRF is also sensitive to small  
      sample sizes and it should only be considered a rough guide to convergence    
      since some of the assumptions allowing one to interpret it as a true potential
      scale reduction factor are violated in MrBayes.                               
                                                                                    
      List of taxa in bipartitions:                                                 
                                                                                   
         1 -- Ammi_majus
         2 -- Apium_fernandezianum
         3 -- Canaria_tortuosa
         4 -- Deverra_aphylla
         5 -- Deverra_scoparia
         6 -- Deverra_tortuosa
         7 -- Opopanax_hispidus
         8 -- Rutheopsis_herbanica
         9 -- Ammi_huntii
        10 -- Ammi_seubertianum
        11 -- Ammi_trifoliatum
        12 -- Anethum_graveolens
        13 -- Apium_annuum
        14 -- Apium_australe
        15 -- Apium_chilense
        16 -- Apium_commersonnii
        17 -- Apium_decumbens
        18 -- Apium_filiforme
        19 -- Apium_graveolens
        20 -- Apium_insulare
        21 -- Apium_panul
        22 -- Apium_prostratum
        23 -- Apium_sellowianum
        24 -- Billburttia_capensoides
        25 -- Billburttia_vaginoides
        26 -- Conium_maculatum
        27 -- Deverra_battandieri
        28 -- Deverra_burchellii
        29 -- Deverra_denudata
        30 -- Deverra_intermedia
        31 -- Deverra_juncea
        32 -- Deverra_triradiata
        33 -- Foeniculum_sanguineum
        34 -- Foeniculum_vulgare
        35 -- Modesciadium_involucratum
        36 -- Naufraga_balearica
        37 -- Petroselinum_crispum
        38 -- Pseudoridolfia_fennanei
        39 -- Ridolfia_segetum
        40 -- Schoenoselinum_foeniculoides
        41 -- Sclerosciadium_nodiflorum
        42 -- Stoibrax_dichotomum
        43 -- Stoibrax_pomelianum

      Key to taxon bipartitions (saved to file "its.nex.parts"):

      ID -- Partition
      -------------------------------------------------
       1 -- 
       2 -- 
       3 -- 
       4 -- 
       5 -- 
       6 -- 
       7 -- 
       8 -- 
       9 -- 
      10 -- 
      11 -- 
      12 -- 
      13 -- 
      14 -- 
      15 -- 
      16 -- 
      17 -- 
      18 -- 
      19 -- 
      20 -- 
      21 -- 
      22 -- 
      23 -- 
      24 -- 
      25 -- 
      26 -- 
      27 -- 
      28 -- 
      29 -- 
      30 -- 
      31 -- 
      32 -- 
      33 -- 
      34 -- 
      35 -- 
      36 -- 
      37 -- 
      38 -- 
      39 -- 
      40 -- 
      41 -- 
      42 -- 
      43 -- 
      44 -- 
      45 -- 
      46 -- 
      47 -- 
      48 -- 
      49 -- 
      50 -- 
      51 -- 
      52 -- 
      53 -- 
      54 -- 
      55 -- 
      56 -- 
      57 -- 
      58 -- 
      59 -- 
      60 -- 
      61 -- 
      62 -- 
      63 -- 
      64 -- 
      65 -- 
      66 -- 
      67 -- 
      68 -- 
      69 -- 
      70 -- 
      71 -- 
      72 -- 
      73 -- 
      74 -- 
      75 -- 
      76 -- 
      77 -- 
      78 -- 
      79 -- 
      80 -- 
      81 -- 
      82 -- 
      83 -- 
      84 -- 
      85 -- 
      86 -- 
      87 -- 
      88 -- 
      89 -- 
      90 -- 
      91 -- 
      92 -- 
      93 -- 
      94 -- 
      95 -- 
      -------------------------------------------------

      Summary statistics for informative taxon bipartitions
         (saved to file "its.nex.tstat"):

      ID   #obs    Probab.
      --------------------
      44   751    1.000000
      45   751    1.000000
      46   751    1.000000
      47   751    1.000000
      48   751    1.000000
      49   751    1.000000
      50   751    1.000000
      51   751    1.000000
      52   751    1.000000
      53   751    1.000000
      54   751    1.000000
      55   751    1.000000
      56   751    1.000000
      57   751    1.000000
      58   751    1.000000
      59   751    1.000000
      60   751    1.000000
      61   751    1.000000
      62   751    1.000000
      63   751    1.000000
      64   751    1.000000
      65   750    0.998668
      66   749    0.997337
      67   742    0.988016
      68   732    0.974700
      69   723    0.962716
      70   703    0.936085
      71   703    0.936085
      72   687    0.914780
      73   685    0.912117
      74   683    0.909454
      75   664    0.884154
      76   622    0.828229
      77   602    0.801598
      78   415    0.552597
      79   371    0.494008
      80   304    0.404794
      81   303    0.403462
      82   292    0.388815
      83   287    0.382157
      84   253    0.336884
      85   242    0.322237
      86   236    0.314248
      87   232    0.308921
      88   232    0.308921
      89   228    0.303595
      90   223    0.296937
      91   222    0.295606
      92   219    0.291611
      93   174    0.231691
      94   147    0.195739
      95    95    0.126498
      --------------------

      Summary statistics for branch and node parameters
         (saved to file "its.nex.vstat"):

                                              95% HPD Interval
                                            --------------------
      Parameter      Mean       Variance     Lower       Upper       Median
      ---------------------------------------------------------------------
      length[1]     0.013926    0.000117    0.000022    0.035478    0.011033
      length[2]     0.013922    0.000098    0.000330    0.034595    0.011213
      length[3]     0.006470    0.000045    0.000049    0.020620    0.004150
      length[4]     0.033785    0.000400    0.006400    0.076110    0.028412
      length[5]     0.054471    0.000396    0.017971    0.087660    0.052316
      length[6]     0.112990    0.001671    0.049629    0.186391    0.098928
      length[7]     0.313651    0.011426    0.123036    0.491028    0.295705
      length[8]     0.007013    0.000058    0.000028    0.025634    0.004093
      length[9]     0.008087    0.000047    0.000031    0.020298    0.005940
      length[10]    0.013445    0.000131    0.000779    0.038380    0.010487
      length[11]    0.007329    0.000040    0.000107    0.019610    0.005505
      length[12]    0.077012    0.000720    0.022627    0.115137    0.076606
      length[13]    0.012755    0.000090    0.000506    0.031270    0.010783
      length[14]    0.028451    0.000301    0.002711    0.062350    0.025820
      length[15]    0.036958    0.000565    0.007147    0.085295    0.028359
      length[16]    0.006832    0.000041    0.000023    0.019739    0.004766
      length[17]    0.028065    0.000171    0.003999    0.050245    0.029632
      length[18]    0.021842    0.000284    0.001564    0.054422    0.016002
      length[19]    0.007771    0.000053    0.000020    0.023230    0.005711
      length[20]    0.021234    0.000150    0.003524    0.047147    0.018126
      length[21]    0.007622    0.000061    0.000059    0.020824    0.005338
      length[22]    0.013563    0.000113    0.000357    0.036415    0.010923
      length[23]    0.006974    0.000054    0.000008    0.020637    0.004424
      length[24]    0.005338    0.000031    0.000051    0.015164    0.003812
      length[25]    0.007675    0.000065    0.000083    0.023851    0.005198
      length[26]    0.233977    0.007370    0.115706    0.413544    0.206523
      length[27]    0.087150    0.001221    0.035107    0.147967    0.082695
      length[28]    0.006851    0.000053    0.000099    0.023356    0.003971
      length[29]    0.010845    0.000111    0.000150    0.033951    0.007666
      length[30]    0.083097    0.001276    0.021198    0.154065    0.080011
      length[31]    0.016861    0.000219    0.000927    0.043768    0.013041
      length[32]    0.058765    0.000807    0.011964    0.119737    0.054649
      length[33]    0.051715    0.000626    0.015120    0.105267    0.046098
      length[34]    0.027701    0.000326    0.002433    0.060291    0.023970
      length[35]    0.107245    0.001524    0.043487    0.185545    0.103002
      length[36]    0.327659    0.005916    0.170994    0.486136    0.319346
      length[37]    0.050350    0.000380    0.015727    0.087558    0.049047
      length[38]    0.061083    0.000763    0.007628    0.109100    0.056497
      length[39]    0.033743    0.000471    0.005902    0.075650    0.027818
      length[40]    0.081126    0.000687    0.030118    0.129732    0.079166
      length[41]    0.076442    0.001335    0.023745    0.162253    0.074502
      length[42]    0.006500    0.000041    0.000154    0.020817    0.005016
      length[43]    0.012337    0.000095    0.000032    0.035463    0.009541
      length[44]    0.165235    0.002293    0.086846    0.256699    0.161231
      length[45]    0.075030    0.001023    0.026981    0.138994    0.069473
      length[46]    0.110880    0.000895    0.061092    0.174483    0.108766
      length[47]    0.046396    0.000527    0.011007    0.088885    0.041721
      length[48]    0.076158    0.000867    0.025754    0.133924    0.071380
      length[49]    0.036049    0.000364    0.004844    0.075594    0.030858
      length[50]    0.104658    0.001429    0.043658    0.169511    0.100983
      length[51]    0.095396    0.001212    0.037855    0.156639    0.092881
      length[52]    0.021096    0.000149    0.003372    0.044945    0.018118
      length[53]    0.023224    0.000205    0.000838    0.049275    0.020578
      length[54]    0.032752    0.000313    0.006538    0.071165    0.028811
      length[55]    0.036462    0.000232    0.009299    0.067383    0.035214
      length[56]    0.068554    0.000545    0.023806    0.111356    0.066860
      length[57]    0.052344    0.000633    0.016003    0.107217    0.046576
      length[58]    0.039779    0.000399    0.009195    0.076176    0.034120
      length[59]    0.070087    0.001253    0.019513    0.140586    0.060046
      length[60]    0.189229    0.004596    0.090716    0.327834    0.177909
      length[61]    0.087507    0.001308    0.037510    0.152084    0.076042
      length[62]    0.053730    0.000520    0.019186    0.096407    0.048504
      length[63]    0.054640    0.000595    0.013472    0.096065    0.052764
      length[64]    0.063797    0.000888    0.012128    0.119551    0.061870
      length[65]    0.035136    0.000324    0.005645    0.070287    0.031103
      length[66]    0.021857    0.000166    0.001272    0.045118    0.018876
      length[67]    0.026201    0.000264    0.000436    0.053995    0.022368
      length[68]    0.028310    0.000320    0.000359    0.062235    0.024209
      length[69]    0.015912    0.000166    0.000315    0.044034    0.011311
      length[70]    0.020794    0.000212    0.001087    0.053192    0.017146
      length[71]    0.032506    0.000451    0.001126    0.074606    0.027925
      length[72]    0.014345    0.000110    0.000476    0.033305    0.011172
      length[73]    0.022412    0.000231    0.000011    0.050298    0.019685
      length[74]    0.024363    0.000189    0.002482    0.050353    0.021446
      length[75]    0.019161    0.000230    0.000706    0.048981    0.014251
      length[76]    0.012332    0.000142    0.000055    0.033763    0.008587
      length[77]    0.016398    0.000115    0.000485    0.035729    0.015264
      length[78]    0.015635    0.000167    0.001135    0.040369    0.011788
      length[79]    0.010528    0.000080    0.000089    0.027192    0.008016
      length[80]    0.008535    0.000097    0.000026    0.026569    0.004889
      length[81]    0.015463    0.000127    0.000019    0.035741    0.013365
      length[82]    0.008053    0.000039    0.000008    0.019977    0.006279
      length[83]    0.006603    0.000043    0.000001    0.020499    0.004372
      length[84]    0.007636    0.000071    0.000091    0.026144    0.004117
      length[85]    0.006650    0.000047    0.000020    0.021215    0.004070
      length[86]    0.007237    0.000034    0.000202    0.018097    0.005814
      length[87]    0.006774    0.000066    0.000001    0.021522    0.004330
      length[88]    0.007282    0.000048    0.000001    0.023194    0.004491
      length[89]    0.006474    0.000041    0.000025    0.018675    0.004546
      length[90]    0.006819    0.000056    0.000023    0.025239    0.003631
      length[91]    0.006763    0.000031    0.000008    0.017314    0.005238
      length[92]    0.006842    0.000039    0.000009    0.018933    0.004810
      length[93]    0.007302    0.000053    0.000027    0.022139    0.005391
      length[94]    0.006234    0.000035    0.000043    0.019882    0.004605
      length[95]    0.014497    0.000172    0.000055    0.037817    0.010880
      ---------------------------------------------------------------------




      Clade credibility values:

      Subtree rooted at node 64:

                                                           /----- Apium_fernandez~ (2)
                                                     /-100-+                          
                                                     |     \----- Apium_prostrat~ (22)
                                                /-91-+                                
                                                |    \----------- Apium_insulare (20)
                                           /-100+                                     
                                           |    \---------------- Apium_annuum (13)
                                           |                                          
                                           |               /----- Apium_australe (14)
                                      /-34-+         /--40-+                          
                                      |    |         |     \----- Apium_panul (21)
                                      |    |    /-100+                                
                                      |    |    |    \----------- Apium_chilense (15)
                                /-100-+    \-83-+                                     
                                |     |         \---------------- Apium_filiforme (18)
                                |     |                                               
                                |     |                    /----- Apium_commerso~ (16)
                           /-38-+     \---------100--------+                          
                           |    |                          \----- Apium_sellowia~ (23)
                           |    |                                                     
                      /-100+    \-------------------------------- Apium_decumbens (17)
                      |    |                                                          
                 /-100+    \------------------------------------- Apium_graveole~ (19)
                 |    |                                                               
                 |    \------------------------------------------ Naufraga_balea~ (36)
                 |                                                                    
                 |                         /--------------------- Anethum_graveo~ (12)
                 |                         |                                          
           /--80-+                         |               /----- Foeniculum_san~ (33)
           |     |                         |         /--96-+                          
           |     |                    /-94-+         |     \----- Foeniculum_vul~ (34)
           |     |                    |    |    /-49-+                                
           |     |                    |    |    |    \----------- Pseudoridolfia~ (38)
           |     \---------100--------+    \-88-+                                     
           |                          |         \---------------- Ridolfia_seget~ (39)
      --100+                          |                                               
           |                          \-------------------------- Schoenoselinum~ (40)
           |                                                                          
           |                                               /----- Opopanax_hispid~ (7)
           |                                         /-100-+                          
           |                                         |     \----- Conium_maculat~ (26)
           \-------------------100-------------------+                                
                                                     |     /----- Stoibrax_dicho~ (42)
                                                     \-100-+                          
                                                           \----- Stoibrax_pomel~ (43)
                                                                                      
      Root part of tree:

      /---------------------------------------------------------- Ammi_majus (1)
      |                                                                               
      |                      /----------------------------------- (64)
      |                      |                                                        
      |                      |                            /------ Deverra_aphylla (4)
      |                      |                      /-100-+                           
      |                      |                      |     \------ Deverra_burche~ (28)
      |                      |                 /-100+                                 
      |                      |                 |    \------------ Deverra_trirad~ (32)
      |                /--91-+           /--99-+                                      
      |                |     |           |     \----------------- Deverra_interm~ (30)
      |                |     |     /-100-+                                            
      |                |     |     |     \----------------------- Deverra_battan~ (27)
      |                |     |     |                                                  
      |                |     |     |                /------------ Deverra_scoparia (5)
      |                |     \--97-+                |                                 
      |           /-100+           |           /-100+     /------ Deverra_denuda~ (29)
      |           |    |           |           |    \--91-+                           
      |           |    |           \----100----+          \------ Deverra_juncea (31)
      |           |    |                       |                                      
      +           |    |                       \----------------- Deverra_tortuosa (6)
      |           |    |                                                              
      |     /--55-+    |                                  /------ Billburttia_ca~ (24)
      |     |     |    \----------------100---------------+                           
      |     |     |                                       \------ Billburttia_va~ (25)
      |     |     |                                                                   
      |     |     |                                       /------ Modesciadium_i~ (35)
      |     |     \------------------100------------------+                           
      |-100-+                                             \------ Petroselinum_c~ (37)
      |     |                                                                         
      |     |                                             /------ Canaria_tortuosa (3)
      |     |                                       /-100-+                           
      |     |                                       |     \------ Rutheopsis_herb~ (8)
      |     \-------------------94------------------+                                 
      |                                             \------------ Sclerosciadium~ (41)
      |                                                                               
      |                                                   /------ Ammi_huntii (9)
      |                                             /--39-+                           
      |                                             |     \------ Ammi_trifoliat~ (11)
      \---------------------100---------------------+                                 
                                                    \------------ Ammi_seubertia~ (10)
                                                                                      

      Phylogram (based on average branch lengths):

                                                                                                                                                                                                                                                                                                                                                                                                                                                                                                                                          /- Ammi_majus (1)
      |                                                                               
      |                                        /- Apium_fernandez~ (2)
      |                                      /-+                                      
      |                                      | \- Apium_prostrat~ (22)
      |                                      |                                        
      |                                      |-- Apium_insulare (20)
      |                                    /-+                                        
      |                                    | \ Apium_annuum (13)
      |                                    |                                          
      |                                    |  /-- Apium_australe (14)
      |                                    |  |                                       
      |                                    |  |- Apium_panul (21)
      |                                    |/-+                                       
      |                                    || \-- Apium_chilense (15)
      |                                 /--++                                         
      |                                 |  |\- Apium_filiforme (18)
      |                                 |  |                                          
      |                                 |  |   / Apium_commerso~ (16)
      |                                 |  \---+                                      
      |                                 |      \ Apium_sellowia~ (23)
      |                                 |                                             
      |                           /-----+-- Apium_decumbens (17)
      |                           |     |                                             
      |               /-----------+     \ Apium_graveole~ (19)
      |               |           |                                                   
      |               |           \------------------------- Naufraga_balea~ (36)
      |               |                                                               
      |               |    /------ Anethum_graveo~ (12)
      |               |    |                                                          
      |              /+    | /---- Foeniculum_san~ (33)
      |              ||    | |                                                        
      |              ||  /-+ |-- Foeniculum_vul~ (34)
      |              ||  | |/+                                                        
      |              ||  | ||\---- Pseudoridolfia~ (38)
      |              |\--+ \+                                                         
      |              |   |  \-- Ridolfia_seget~ (39)
      |          /---+   |                                                            
      |          |   |   \------ Schoenoselinum~ (40)
      |          |   |                                                                
      |          |   |                    /---------------------- Opopanax_hispid~ (7)
      |          |   |      /-------------+                                           
      +          |   |      |             \--------------- Conium_maculat~ (26)
      |          |   \------+                                                         
      |          |          |       / Stoibrax_dicho~ (42)
      |          |          \-------+                                                 
      |          |                  \ Stoibrax_pomel~ (43)
      |          |                                                                    
      |         /+              /-- Deverra_aphylla (4)
      |         ||           /--+                                                     
      |         ||           |  \ Deverra_burche~ (28)
      |         ||        /--+                                                        
      |         ||        |  \---- Deverra_trirad~ (32)
      |         ||       /+                                                           
      |         ||       |\------ Deverra_interm~ (30)
      |         || /-----+                                                            
      |         || |     \------ Deverra_battan~ (27)
      |         || |                                                                  
      |   /-----+| |        /---- Deverra_scoparia (5)
      |   |     |\-+        |                                                         
      |   |     |  |   /----+ / Deverra_denuda~ (29)
      |   |     |  |   |    \-+                                                       
      |   |     |  \---+      \- Deverra_juncea (31)
      |   |     |      |                                                              
      |   |     |      \-------- Deverra_tortuosa (6)
      |   |     |                                                                     
      |   |     |       / Billburttia_ca~ (24)
      |   |     \-------+                                                             
      |   |             \ Billburttia_va~ (25)
      |   |                                                                           
      |   |  /-------- Modesciadium_i~ (35)
      |---+--+                                                                        
      |   |  \--- Petroselinum_c~ (37)
      |   |                                                                           
      |   |     / Canaria_tortuosa (3)
      |   |/----+                                                                     
      |   ||    \ Rutheopsis_herb~ (8)
      |   \+                                                                          
      |    \----- Sclerosciadium~ (41)
      |                                                                               
      | / Ammi_huntii (9)
      |/+                                                                             
      ||\ Ammi_trifoliat~ (11)
      \+                                                                              
       \- Ammi_seubertia~ (10)
                                                                                      
      |--------------| 0.200 expected changes per site

      Calculating tree probabilities...

      Credible sets of trees (665 trees sampled):
         50 % credible set contains 290 trees
         90 % credible set contains 590 trees
         95 % credible set contains 628 trees
         99 % credible set contains 658 trees

      Setting burn-in to 0
      Summarizing parameters in file its.nex.p
      Writing summary statistics to file its.nex.pstat
      Using relative burnin ('relburnin=yes'), discarding the first 25 % of samples

      Below is a rough plot of the generation (x-axis) versus the log   
      probability of observing the data (y-axis). You can use this      
      graph to determine what the burn in for your analysis should be.  
      When the log probability starts to plateau you may be at station- 
      arity. Sample trees and parameters after the log probability      
      plateaus. Of course, this is not a guarantee that you are at sta- 
      analysis should be. When the log probability starts to plateau    
      tionarity. When possible, run multiple analyses starting from dif-
      ferent random trees; if the inferences you make for independent   
      analyses are the same, this is reasonable evidence that the chains
      have converged. You can use MrBayes to run several independent    
      analyses simultaneously. During such a run, MrBayes will monitor  
      the convergence of topologies. After the run has been completed,  
      the 'sumt' and 'sump' functions will provide additional conver-   
      gence diagnostics for all the parameters in your model. Remember  
      that the burn in is the number of samples to discard. There are   
      a total of ngen / samplefreq samples taken during a MCMC analysis.

   +------------------------------------------------------------+ -3409.602
   |                 *       *                                  |
   |                *                      *                 ** |
   |               *                           *                |
   |    **       *                            *     *           |
   | *                *       *        *        *           *   |
   |        *     *         *      ***    *      **    *       *|
   |* **  *  *                 ** *   *      *     * *  *       |
   |          * *                *                    *         |
   |           *                         *                      |
   |                                                            |
   |                    *                                  *    |
   |                     *              *                       |
   |       *           *                    *            *      |
   |                       *                              *     |
   |                      *                                     |
   +------+-----+-----+-----+-----+-----+-----+-----+-----+-----+ -3437.250
   ^                                                            ^
   25000                                                       100000


      Estimated marginal likelihoods for run sampled in file "its.nex.p":
         (Use the harmonic mean for Bayes factor comparisons of models)
         (Values are saved to the file its.nex.lstat)

      Arithmetic mean   Harmonic mean
      --------------------------------
         -3408.77         -3442.80
      --------------------------------


      Model parameter summaries for run sampled in file "its.nex":
         Based on a total of 751 samples out of a total of 1001 samples
            from this analysis.
         Parameter summaries saved to file "its.nex.pstat".

                                            95% HPD Interval
                                          --------------------
      Parameter      Mean      Variance     Lower       Upper       Median     ESS*
      -------------------------------------------------------------------------------
      TL          4.038683    0.929255    2.453082    6.009509    3.914755      5.34
      r(A<->C)    0.079212    0.000143    0.057323    0.102839    0.078939     92.37
      r(A<->G)    0.224835    0.000561    0.184966    0.277594    0.222928     45.90
      r(A<->T)    0.120599    0.000348    0.084033    0.151702    0.120897     45.22
      r(C<->G)    0.034950    0.000057    0.023911    0.051141    0.034537     97.52
      r(C<->T)    0.468107    0.000812    0.415548    0.530354    0.467823     40.76
      r(G<->T)    0.072298    0.000143    0.050963    0.096479    0.071322     77.76
      alpha       0.547838    0.006887    0.412637    0.721847    0.537704    254.48
      m{1}        0.222100    0.002459    0.130479    0.315572    0.216832      5.41
      -------------------------------------------------------------------------------
      * Convergence diagnostic (ESS = Estimated Sample Size); ESS value 
        below 100 may indicate that the parameter is undersampled. 


