
****Welcome to ModelGenerator v0.85****

If you use ModelGenerator in your analysis, please cite:

Thomas M Keane, Christopher J Creevey , Melissa M Pentony, Thomas J Naughton and James O McInerney (2006) Assessment of methods for amino acid matrix selection and their use on empirical data shows that ad hoc assumptions for choice of matrix are not justified, BMC Evolutionary Biology, 6:29

http://www.biomedcentral.com/1471-2148/6/29

Input sequence file: /home/ms/Dokumenty/4sem/modelgenerator/rps16/rps16_automated.fas
Format is FASTA
Datatype is NUCLEOTIDE
Building initial NJ tree......
Created models
Starting to optimise model parameters.....
Number of observed invariant sites: 798
Optimising model 1 of 56: JC
Optimising model 2 of 56: JC+G
Optimising model 3 of 56: JC+I
Optimising model 4 of 56: JC+I+G
Optimising model 5 of 56: F81
Optimising model 6 of 56: F81+G
Optimising model 7 of 56: F81+I
Optimising model 8 of 56: F81+I+G
Optimising model 9 of 56: HKY
Optimising model 10 of 56: HKY+G
Optimising model 11 of 56: HKY+I
Optimising model 12 of 56: HKY+I+G
Optimising model 13 of 56: K80
Optimising model 14 of 56: K80+G
Optimising model 15 of 56: K80+I
Optimising model 16 of 56: K80+I+G
Optimising model 17 of 56: SYM
Optimising model 18 of 56: SYM+G
Optimising model 19 of 56: SYM+I
Optimising model 20 of 56: SYM+I+G
Optimising model 21 of 56: GTR
Optimising model 22 of 56: GTR+G
Optimising model 23 of 56: GTR+I
Optimising model 24 of 56: GTR+I+G
Optimising model 25 of 56: TrN
Optimising model 26 of 56: TrN+G
Optimising model 27 of 56: TrN+I
Optimising model 28 of 56: TrN+I+G
Optimising model 29 of 56: TrNef
Optimising model 30 of 56: TrNef+G
Optimising model 31 of 56: TrNef+I
Optimising model 32 of 56: TrNef+I+G
Optimising model 33 of 56: TVM
Optimising model 34 of 56: TVM+G
Optimising model 35 of 56: TVM+I
Optimising model 36 of 56: TVM+I+G
Optimising model 37 of 56: TVMef
Optimising model 38 of 56: TVMef+G
Optimising model 39 of 56: TVMef+I
Optimising model 40 of 56: TVMef+I+G
Optimising model 41 of 56: TIM
Optimising model 42 of 56: TIM+G
Optimising model 43 of 56: TIM+I
Optimising model 44 of 56: TIM+I+G
Optimising model 45 of 56: TIMef
Optimising model 46 of 56: TIMef+G
Optimising model 47 of 56: TIMef+I
Optimising model 48 of 56: TIMef+I+G
Optimising model 49 of 56: K81uf
Optimising model 50 of 56: K81uf+G
Optimising model 51 of 56: K81uf+I
Optimising model 52 of 56: K81uf+I+G
Optimising model 53 of 56: K81
Optimising model 54 of 56: K81+G
Optimising model 55 of 56: K81+I
Optimising model 56 of 56: K81+I+G

		Uniform			G			I			I+G
JC		-2485.4055242846384	-2447.3838222028066	-2447.6404748259256	-2445.462145130003	
F81		-2433.3456867753457	-2397.457733776066	-2397.9274294712986	-2395.7582100469026	
HKY		-2426.3698734027744	-2391.5992597450363	-2392.194588034285	-2389.966660113299	
K80		-2480.4148030050683	-2442.4130443960744	-2442.918123987561	-2440.563651347211	
SYM		-2466.2158941907414	-2430.4323796341623	-2430.89123641122	-2428.5264814855796	
GTR		-2404.303075501786	-2372.9690842496148	-2374.074443961629	-2371.6553314479333	
TrN		-2425.875138301543	-2391.470520509372	-2392.1047013581046	-2389.8182950126043	
TrNef		-2479.080440719034	-2441.6563803306585	-2442.2446826687315	-2439.76038725315	
TVM		-2404.8372286125546	-2373.1434166421577	-2374.193907647683	-2371.8508371631056	
TVMef		-2467.684747176329	-2431.0575227836616	-2431.7421031501813	-2429.2888366864527	
TIM		-2410.2908755118196	-2377.620408298975	-2378.47754470222	-2376.2277697234586	
TIMef		-2468.6423705937696	-2431.237302849612	-2431.623056675166	-2429.305685813468	
K81uf		-2410.9231595707124	-2377.736524553503	-2378.558114172799	-2376.1913559024633	
K81		-2469.9429128058573	-2431.9435310696344	-2432.4422130533017	-2430.0818618164403	

****Hierarchical Likelihood Ratio Tests (hLRTs)****

Equal base frequencies
	Null model = JC
	Alternative model = F81
	2(lnL1-lnL0) = 104.11967501858544	df = 3
Using Chi-Squared Test
	P-value < .0001

Ti=Tv
	Null model = F81
	Alternative model = HKY
	2(lnL1-lnL0) = 13.951626745142676	df = 1
Using Chi-Squared Test
	P-value < .0001

1 or 2 transition rates
	Null model = HKY
	Alternative model = TrN
	2(lnL1-lnL0) = 0.9894702024630533	df = 1
Using Chi-Squared Test
	P-value = 0.1595020776175612

1 or 2 transversion rates
	Null model = HKY
	Alternative model = K81uf
	2(lnL1-lnL0) = 30.89342766412392	df = 1
Using Chi-Squared Test
	P-value < .0001

2 or 4 transversion rates
	Null model = K81uf
	Alternative model = TVM
	2(lnL1-lnL0) = 12.17186191631572	df = 2
Using Chi-Squared Test
	P-value < .0001

Equal rate among sites
	Null model = TVM
	Alternative model = TVM+G
	2(lnL1-lnL0) = 63.387623940793674	df = 1
Using mixed Chi-Squared Test
	P-value < .0001

No invariable sites
	Null model = TVM+G
	Alternative model = TVM+I+G
	2(lnL1-lnL0) = 2.58515895810433	df = 1
Using mixed Chi-Squared Test
	P-value = 0.011488005454566907

Model Selected: TVM+G
-lnL: 2373.1434166421577
Substitution Model (with Rate Distribution):
Model of substitution: TVM

Parameter a: 0.90
Parameter b: 1.05
Parameter c: 0.17
Parameter d: 0.67
                                   A  C  G  T
Corresponding rate matrix      ----------------
(shown without frequencies):     A    a  b  c
                                 C       d  b
                                 G          1

Nucleotide frequencies:
pi(A) = 0.34408
pi(C) = 0.15151
pi(G) = 0.18560
pi(T) = 0.31882

Expected transition/transversion ratio: 0.82
Expected pyrimidine transition/purine transition ratio: 0.76

Model of rate heterogeneity: Discrete Gamma
Number of rate categories: 4
Gamma distribution parameter alpha: 0.17

Relative rates and their probabilities:

    Rate      Probability
1   0.00003   0.25000
2   0.01939   0.25000
3   0.38597   0.25000
4   3.59460   0.25000


****Akaike Information Criterion 1 (AIC1)****

Model Selected: TVM+I+G
-lnL = 2371.8508371631056
k = 80 (Branch lengths included as model parameters)
AIC1 = 4903.701674326211

Substitution Model (with Rate Distribution):
Model of substitution: TVM

Parameter a: 0.90
Parameter b: 1.05
Parameter c: 0.17
Parameter d: 0.67
                                   A  C  G  T
Corresponding rate matrix      ----------------
(shown without frequencies):     A    a  b  c
                                 C       d  b
                                 G          1

Nucleotide frequencies:
pi(A) = 0.34408
pi(C) = 0.15151
pi(G) = 0.18560
pi(T) = 0.31882

Expected transition/transversion ratio: 0.82
Expected pyrimidine transition/purine transition ratio: 0.76

Model of rate heterogeneity: Discrete Gamma + Invariable sites
Number of rate categories: 1 + 4
Gamma distribution parameter alpha: 0.43
Proportion of invariable sites: 0.38


Relative rates and their probabilities:

    Rate      Probability
1   0.00000   0.37743
2   0.02646   0.15564
3   0.36342   0.15564
4   1.39559   0.15564
5   4.63955   0.15564


****Akaike Information Criterion 2 (AIC2)****

Model Selected: K81uf+G
-lnL = 2377.736524553503
k = 77 (Branch lengths included as model parameters)
AIC2 = 5140.473049107006

Substitution Model (with Rate Distribution):
Model of substitution: K81

Parameter b: 1.10
Parameter c: 0.29
                                   A  C  G  T
Corresponding rate matrix      ----------------
(shown without frequencies):     A    1  b  c
                                 C       c  b
                                 G          1

Nucleotide frequencies:
pi(A) = 0.33908
pi(C) = 0.15515
pi(G) = 0.19033
pi(T) = 0.31544

Expected transition/transversion ratio: 0.82
Expected pyrimidine transition/purine transition ratio: 0.76

Model of rate heterogeneity: Discrete Gamma
Number of rate categories: 4
Gamma distribution parameter alpha: 0.16

Relative rates and their probabilities:

    Rate      Probability
1   0.00001   0.25000
2   0.01200   0.25000
3   0.32586   0.25000
4   3.66213   0.25000


****Bayesian Information Criterion (BIC)****

Model Selected: K81uf+G
-lnL = 2377.736524553503
k = 77 (Branch lengths included as model parameters)
BIC = 5281.117031320864

Substitution Model (with Rate Distribution):
Model of substitution: K81

Parameter b: 1.10
Parameter c: 0.29
                                   A  C  G  T
Corresponding rate matrix      ----------------
(shown without frequencies):     A    1  b  c
                                 C       c  b
                                 G          1

Nucleotide frequencies:
pi(A) = 0.33908
pi(C) = 0.15515
pi(G) = 0.19033
pi(T) = 0.31544

Expected transition/transversion ratio: 0.82
Expected pyrimidine transition/purine transition ratio: 0.76

Model of rate heterogeneity: Discrete Gamma
Number of rate categories: 4
Gamma distribution parameter alpha: 0.16

Relative rates and their probabilities:

    Rate      Probability
1   0.00001   0.25000
2   0.01200   0.25000
3   0.32586   0.25000
4   3.66213   0.25000


Model-fit Ranking according to all measures
-------------------------------------------------------------------------------------------------------------------------------------------------------------------------------------------------------
	AIC1			Model		Ln			AIC2			Model		Ln			BIC			Model		Ln
-------------------------------------------------------------------------------------------------------------------------------------------------------------------------------------------------------

0	4903.701674326211	TVM+I+G		-2371.8508371631056	5140.473049107006	K81uf+G		-2377.736524553503	5281.117031320864	K81uf+G		-2377.736524553503	
1	4904.286833284315	TVM+G		-2373.1434166421577	5141.286833284315	TVM+G		-2373.1434166421577	5282.760210559456	K81uf+I		-2378.558114172799	
2	4905.310662895867	GTR+I+G		-2371.6553314479333	5142.116228345598	K81uf+I		-2378.558114172799	5284.853239242341	K81uf+I+G	-2376.1913559024633	
3	4905.9381684992295	GTR+G		-2372.9690842496148	5142.382711804927	K81uf+I+G	-2376.1913559024633	5285.5839059452865	TVM+G		-2373.1434166421577	
4	4906.387815295366	TVM+I		-2374.193907647683	5143.387815295366	TVM+I		-2374.193907647683	5287.684887956337	TVM+I		-2374.193907647683	
5	4908.148887923258	GTR+I		-2374.074443961629	5143.701674326211	TVM+I+G		-2371.8508371631056	5287.711344035364	TIM+G		-2377.620408298975	
6	4908.382711804927	K81uf+I+G	-2376.1913559024633	5145.24081659795	TIM+G		-2377.620408298975	5289.425616841854	TIM+I		-2378.47754470222	
7	4909.473049107006	K81uf+G		-2377.736524553503	5145.9381684992295	GTR+G		-2372.9690842496148	5289.825292210739	TVM+I+G		-2371.8508371631056	
8	4910.455539446917	TIM+I+G		-2376.2277697234586	5146.95508940444	TIM+I		-2378.47754470222	5291.752612107888	TIM+I+G		-2376.2277697234586	
9	4911.116228345598	K81uf+I		-2378.558114172799	5147.455539446917	TIM+I+G		-2376.2277697234586	5292.061786383757	GTR+G		-2372.9690842496148	
10	4911.24081659795	TIM+G		-2377.620408298975	5148.148887923258	GTR+I		-2374.074443961629	5294.272505807786	GTR+I		-2374.074443961629	
11	4912.95508940444	TIM+I		-2378.47754470222	5148.310662895867	GTR+I+G		-2371.6553314479333	5296.260826003951	GTR+I+G		-2371.6553314479333	
12	4933.933320226598	HKY+I+G		-2389.966660113299	5163.198519490073	HKY+G		-2391.5992597450363	5302.0159564803735	HKY+G		-2391.5992597450363	
13	4935.198519490073	HKY+G		-2391.5992597450363	5164.38917606857	HKY+I		-2392.194588034285	5303.206613058871	HKY+I		-2392.194588034285	
14	4935.6365900252085	TrN+I+G		-2389.8182950126043	5164.933320226598	HKY+I+G		-2389.966660113299	5305.577302440455	HKY+I+G		-2389.966660113299	
15	4936.38917606857	HKY+I		-2392.194588034285	5167.941041018744	TrN+G		-2391.470520509372	5306.906359318877	F81+G		-2397.457733776066	
16	4936.941041018744	TrN+G		-2391.470520509372	5169.209402716209	TrN+I		-2392.1047013581046	5307.845750709342	F81+I		-2397.9274294712986	
17	4938.209402716209	TrN+I		-2392.1047013581046	5169.6365900252085	TrN+I+G		-2389.8182950126043	5308.585023232601	TrN+G		-2391.470520509372	
18	4943.516420093805	F81+I+G		-2395.7582100469026	5169.915467552132	F81+G		-2397.457733776066	5309.8533849300675	TrN+I		-2392.1047013581046	
19	4944.915467552132	F81+G		-2397.457733776066	5170.854858942597	F81+I		-2397.9274294712986	5310.333857084106	F81+I+G		-2395.7582100469026	
20	4945.854858942597	F81+I		-2397.9274294712986	5171.516420093805	F81+I+G		-2395.7582100469026	5312.107117462623	TrN+I+G		-2389.8182950126043	
21	4965.674457225109	TVM		-2404.8372286125546	5199.674457225109	TVM		-2404.8372286125546	5340.663756131726	K81uf		-2410.9231595707124	
22	4966.606151003572	GTR		-2404.303075501786	5201.846319141425	K81uf		-2410.9231595707124	5342.144984662524	TVM		-2404.8372286125546	
23	4973.846319141425	K81uf		-2410.9231595707124	5203.606151003572	GTR		-2404.303075501786	5346.2257332374975	TIM		-2410.2908755118196	
24	4974.581751023639	TIM		-2410.2908755118196	5205.581751023639	TIM		-2410.2908755118196	5347.9032236645435	GTR		-2404.303075501786	
25	5002.739746805549	HKY		-2426.3698734027744	5227.739746805549	HKY		-2426.3698734027744	5364.730638572293	HKY		-2426.3698734027744	
26	5003.750276603086	TrN		-2425.875138301543	5231.750276603086	TrN		-2425.875138301543	5369.051408682457	K81+G		-2431.9435310696344	
27	5010.163723632881	K81+I+G		-2430.0818618164403	5233.887062139269	K81+G		-2431.9435310696344	5370.048772649791	K81+I		-2432.4422130533017	
28	5010.611371626936	TIMef+I+G	-2429.305685813468	5234.884426106603	K81+I		-2432.4422130533017	5370.5677135933865	TrN		-2425.875138301543	
29	5011.887062139269	K81+G		-2431.9435310696344	5235.163723632881	K81+I+G		-2430.0818618164403	5371.855720093879	F81		-2433.3456867753457	
30	5012.474605699224	TIMef+G		-2431.237302849612	5236.691373550691	F81		-2433.3456867753457	5372.154615399625	K81+I+G		-2430.0818618164403	
31	5012.577673372905	TVMef+I+G	-2429.2888366864527	5237.474605699224	TIMef+G		-2431.237302849612	5374.465497465969	TIMef+G		-2431.237302849612	
32	5012.884426106603	K81+I		-2432.4422130533017	5238.246113350332	TIMef+I		-2431.623056675166	5375.2370051170765	TIMef+I		-2431.623056675166	
33	5013.052962971159	SYM+I+G		-2428.5264814855796	5238.611371626936	TIMef+I+G	-2429.305685813468	5377.428808617236	TIMef+I+G	-2429.305685813468	
34	5013.246113350332	TIMef+I		-2431.623056675166	5242.115045567323	TVMef+G		-2431.0575227836616	5380.932482557624	TVMef+G		-2431.0575227836616	
35	5014.115045567323	TVMef+G		-2431.0575227836616	5243.4842063003625	TVMef+I		-2431.7421031501813	5382.301643290663	TVMef+I		-2431.7421031501813	
36	5014.691373550691	F81		-2433.3456867753457	5243.577673372905	TVMef+I+G	-2429.2888366864527	5383.16389011178	K80+G		-2442.4130443960744	
37	5014.864759268325	SYM+G		-2430.4323796341623	5245.864759268325	SYM+G		-2430.4323796341623	5384.174049294754	K80+I		-2442.918123987561	
38	5015.4842063003625	TVMef+I		-2431.7421031501813	5246.78247282244	SYM+I		-2430.89123641122	5384.2216555867635	TVMef+I+G	-2429.2888366864527	
39	5015.78247282244	SYM+I		-2430.89123641122	5247.052962971159	SYM+I+G		-2428.5264814855796	5386.278900501688	JC+G		-2447.3838222028066	
40	5029.127302694422	K80+I+G		-2440.563651347211	5249.826088792149	K80+G		-2442.4130443960744	5386.29164923761	K80+I+G		-2440.563651347211	
41	5029.5207745063		TrNef+I+G	-2439.76038725315	5250.836247975122	K80+I		-2442.918123987561	5386.508741482183	SYM+G		-2430.4323796341623	
42	5030.826088792149	K80+G		-2442.4130443960744	5251.127302694422	K80+I+G		-2440.563651347211	5386.792205747926	JC+I		-2447.6404748259256	
43	5031.312760661317	TrNef+G		-2441.6563803306585	5253.312760661317	TrNef+G		-2441.6563803306585	5387.426455036297	SYM+I		-2430.89123641122	
44	5031.836247975122	K80+I		-2442.918123987561	5254.489365337463	TrNef+I		-2442.2446826687315	5388.477107204505	TrNef+G		-2441.6563803306585	
45	5032.489365337463	TrNef+I		-2442.2446826687315	5254.5207745063		TrNef+I+G	-2439.76038725315	5389.262091579638	JC+I+G		-2445.462145130003	
46	5036.924290260006	JC+I+G		-2445.462145130003	5254.767644405613	JC+G		-2447.3838222028066	5389.523490408574	SYM+I+G		-2428.5264814855796	
47	5038.767644405613	JC+G		-2447.3838222028066	5255.280949651851	JC+I		-2447.6404748259256	5389.653711880651	TrNef+I		-2442.2446826687315	
48	5039.280949651851	JC+I		-2447.6404748259256	5255.924290260006	JC+I+G		-2445.462145130003	5391.511666273044	TrNef+I+G	-2439.76038725315	
49	5084.431788381483	SYM		-2466.2158941907414	5304.885825611715	K81		-2469.9429128058573	5438.223626931346	K81		-2469.9429128058573	
50	5085.284741187539	TIMef		-2468.6423705937696	5307.284741187539	TIMef		-2468.6423705937696	5442.449087730727	TIMef		-2468.6423705937696	
51	5085.369494352658	TVMef		-2467.684747176329	5310.369494352658	TVMef		-2467.684747176329	5447.360386119402	TVMef		-2467.684747176329	
52	5085.885825611715	K81		-2469.9429128058573	5312.431788381483	SYM		-2466.2158941907414	5451.249225371784	SYM		-2466.2158941907414	
53	5104.160881438068	TrNef		-2479.080440719034	5320.829606010137	K80		-2480.4148030050683	5452.340862106212	K80		-2480.4148030050683	
54	5104.829606010137	K80		-2480.4148030050683	5323.160881438068	TrNef		-2479.080440719034	5455.495759441795	JC		-2485.4055242846384	
55	5112.811048569277	JC		-2485.4055242846384	5325.811048569277	JC		-2485.4055242846384	5455.495759441795	JC		-2485.4055242846384	
56	5112.811048569277	JC		-2485.4055242846384	5325.811048569277	JC		-2485.4055242846384	5456.4986827576995	TrNef		-2479.080440719034	

Analysis took: 0 minutes 43 seconds
