      Logging screen output to file "rps16.log"
      Setting autoclose to yes
      Setting nowarnings to no
      Setting autoreplace to no
      Defining charset called 'rps16'
      Defining partition called 'PartitionFinder'
      Setting PartitionFinder as the partition (does not divide up characters).
      Setting model defaults
      Seed (for generating default start values) = 382897998
      Setting Nst to 6 for partition 1
      Setting Rates to Gamma for partition 1
      Successfully set likelihood model parameters
      Setting Ratepr to Variable [Dirichlet(..,1,..)] for partition 1
      Successfully set prior model parameters
      Unlinking
      Setting number of chains to 4
      Setting number of generations to 100000
      WARNING: Reallocation of zero size attempted. This is probably a bug. Problems may follow.
      WARNING: Reallocation of zero size attempted. This is probably a bug. Problems may follow.
      Setting number of runs to 1
      Setting heating parameter to 0.300000
      Setting sample frequency to 100
      Setting print frequency to 1000
      Setting calculation of MCMC diagnostics ('Mcmcdiagn') to yes
      Setting diagnosing frequency to 1000
      Setting check-pointing ('Checkpoint') to yes
      Setting check-pointing frequency to 200
      Setting append to no
      Setting chain output file names to "rps16.nex.<p/t>"
      Successfully set chain parameters
      Running Markov chain
      MCMC stamp = 4536355981
      Seed = 491386526
      Swapseed = 1686785970
      Model settings:

         Data not partitioned --
            Datatype  = DNA
            Nucmodel  = 4by4
            Nst       = 6
                        Substitution rates, expressed as proportions
                        of the rate sum, have a Dirichlet prior
                        (1.00,1.00,1.00,1.00,1.00,1.00)
            Covarion  = No
            # States  = 4
                        State frequencies have a Dirichlet prior
                        (1.00,1.00,1.00,1.00)
            Rates     = Gamma
                        The distribution is approximated using 4 categories.
                        Shape parameter is exponentially
                        distributed with parameter (1.00).

      Active parameters: 

         Parameters
         ---------------------
         Revmat              1
         Statefreq           2
         Shape               3
         Ratemultiplier      4
         Topology            5
         Brlens              6
         ---------------------

         1 --  Parameter  = Revmat
               Type       = Rates of reversible rate matrix
               Prior      = Dirichlet(1.00,1.00,1.00,1.00,1.00,1.00)

         2 --  Parameter  = Pi
               Type       = Stationary state frequencies
               Prior      = Dirichlet

         3 --  Parameter  = Alpha
               Type       = Shape of scaled gamma distribution of site rates
               Prior      = Exponential(1.00)

         4 --  Parameter  = Ratemultiplier
               Type       = Partition-specific rate multiplier
               Prior      = Dirichlet(1.00)

         5 --  Parameter  = Tau
               Type       = Topology
               Prior      = All topologies equally probable a priori
               Subparam.  = V

         6 --  Parameter  = V
               Type       = Branch lengths
               Prior      = Unconstrained:GammaDir(1.0,0.1000,1.0,1.0)


      Number of chains per MPI processor = 4

      The MCMC sampler will use the following moves:
         With prob.  Chain will use move
            0.92 %   Dirichlet(Revmat)
            0.92 %   Slider(Revmat)
            0.92 %   Dirichlet(Pi)
            0.92 %   Slider(Pi)
            1.83 %   Multiplier(Alpha)
            1.38 %   Dirichlet(Ratemultiplier)
            1.38 %   Slider(Ratemultiplier)
            9.17 %   ExtSPR(Tau,V)
            9.17 %   ExtTBR(Tau,V)
            9.17 %   NNI(Tau,V)
            9.17 %   ParsSPR(Tau,V)
           36.70 %   Multiplier(V)
           12.84 %   Nodeslider(V)
            5.50 %   TLMultiplier(V)

      Division 1 has 177 unique site patterns
      Initializing conditional likelihoods

      Running benchmarks to automatically select fastest BEAGLE resource... 
      Using BEAGLE v4.0.0 (PRE-RELEASE) resource 0 for division 1:
         Rsrc Name : CPU (x86_64)
         Impl Name : CPU-4State-Single
         Flags: PROCESSOR_CPU PRECISION_SINGLE COMPUTATION_SYNCH EIGEN_REAL
                SCALING_MANUAL SCALERS_RAW VECTOR_NONE THREADING_CPP         MODEL STATES: 4

      Initial log likelihoods and log prior probs:
         Chain 1 -- -3859.923903 -- 94.985012
         Chain 2 -- -3741.551400 -- 94.985012
         Chain 3 -- -3760.799124 -- 94.985012
         Chain 4 -- -3785.969914 -- 94.985012


      Chain results (100000 generations requested):

         0 -- [-3859.924] (-3741.551) (-3760.799) (-3785.970) (...0 remote chains...) 
      1000 -- (-2626.849) (-2601.604) (-2631.759) [-2494.952] (...0 remote chains...) -- 0:01:39
      2000 -- (-2465.275) (-2529.711) (-2474.782) [-2441.209] (...0 remote chains...) -- 0:00:49
      3000 -- [-2435.899] (-2461.323) (-2466.669) (-2425.733) (...0 remote chains...) -- 0:01:04
      4000 -- [-2417.749] (-2468.064) (-2458.141) (-2420.311) (...0 remote chains...) -- 0:00:48
      5000 -- [-2417.516] (-2446.328) (-2459.729) (-2447.251) (...0 remote chains...) -- 0:00:56
      6000 -- [-2419.509] (-2432.455) (-2433.528) (-2465.036) (...0 remote chains...) -- 0:00:47
      7000 -- [-2418.358] (-2426.375) (-2483.295) (-2437.190) (...0 remote chains...) -- 0:00:39
      8000 -- [-2416.022] (-2440.118) (-2492.014) (-2461.307) (...0 remote chains...) -- 0:00:46
      9000 -- [-2427.670] (-2437.266) (-2451.612) (-2453.987) (...0 remote chains...) -- 0:00:40
      10000 -- [-2421.394] (-2420.995) (-2456.569) (-2447.117) (...0 remote chains...) -- 0:00:45
      11000 -- [-2428.764] (-2433.987) (-2467.249) (-2457.235) (...0 remote chains...) -- 0:00:48
      12000 -- [-2416.319] (-2424.892) (-2434.806) (-2459.810) (...0 remote chains...) -- 0:00:44
      13000 -- [-2416.904] (-2425.171) (-2473.214) (-2458.229) (...0 remote chains...) -- 0:00:46
      14000 -- [-2425.049] (-2411.466) (-2472.206) (-2463.365) (...0 remote chains...) -- 0:00:43
      15000 -- [-2414.794] (-2429.431) (-2456.425) (-2442.441) (...0 remote chains...) -- 0:00:45
      16000 -- [-2415.594] (-2457.619) (-2479.261) (-2427.848) (...0 remote chains...) -- 0:00:42
      17000 -- [-2415.948] (-2427.958) (-2474.081) (-2452.293) (...0 remote chains...) -- 0:00:43
      18000 -- [-2419.662] (-2442.080) (-2473.581) (-2435.075) (...0 remote chains...) -- 0:00:41
      19000 -- [-2413.384] (-2452.285) (-2457.383) (-2420.634) (...0 remote chains...) -- 0:00:42
      20000 -- [-2408.692] (-2445.754) (-2457.087) (-2429.928) (...0 remote chains...) -- 0:00:40
      21000 -- [-2411.852] (-2437.825) (-2460.617) (-2438.583) (...0 remote chains...) -- 0:00:41
      22000 -- [-2410.345] (-2413.193) (-2480.098) (-2441.198) (...0 remote chains...) -- 0:00:39
      23000 -- [-2407.828] (-2424.444) (-2457.385) (-2440.505) (...0 remote chains...) -- 0:00:40
      24000 -- [-2420.229] (-2432.717) (-2473.807) (-2451.528) (...0 remote chains...) -- 0:00:38
      25000 -- [-2413.052] (-2438.246) (-2470.313) (-2441.352) (...0 remote chains...) -- 0:00:39
      26000 -- [-2412.614] (-2442.761) (-2462.296) (-2440.365) (...0 remote chains...) -- 0:00:37
      27000 -- [-2402.441] (-2424.712) (-2459.189) (-2430.372) (...0 remote chains...) -- 0:00:37
      28000 -- [-2428.638] (-2430.119) (-2491.450) (-2432.891) (...0 remote chains...) -- 0:00:38
      29000 -- [-2418.143] (-2417.940) (-2468.382) (-2435.433) (...0 remote chains...) -- 0:00:36
      30000 -- [-2427.506] (-2427.802) (-2501.707) (-2454.177) (...0 remote chains...) -- 0:00:37
      31000 -- [-2415.080] (-2433.004) (-2478.484) (-2472.860) (...0 remote chains...) -- 0:00:35
      32000 -- [-2427.730] (-2423.219) (-2500.032) (-2450.939) (...0 remote chains...) -- 0:00:36
      33000 -- [-2420.379] (-2429.005) (-2472.715) (-2459.204) (...0 remote chains...) -- 0:00:34
      34000 -- [-2414.220] (-2439.782) (-2460.737) (-2444.262) (...0 remote chains...) -- 0:00:34
      35000 -- [-2409.213] (-2431.712) (-2479.419) (-2429.799) (...0 remote chains...) -- 0:00:35
      36000 -- [-2415.209] (-2433.467) (-2472.346) (-2443.083) (...0 remote chains...) -- 0:00:35
      37000 -- [-2411.772] (-2421.062) (-2477.934) (-2473.177) (...0 remote chains...) -- 0:00:35
      38000 -- [-2408.612] (-2436.392) (-2473.157) (-2457.054) (...0 remote chains...) -- 0:00:34
      39000 -- [-2416.025] (-2426.090) (-2458.842) (-2445.342) (...0 remote chains...) -- 0:00:34
      40000 -- [-2414.332] (-2418.354) (-2465.718) (-2446.358) (...0 remote chains...) -- 0:00:34
      41000 -- [-2421.458] (-2424.225) (-2467.957) (-2448.378) (...0 remote chains...) -- 0:00:33
      42000 -- [-2412.987] (-2436.656) (-2470.397) (-2442.675) (...0 remote chains...) -- 0:00:33
      43000 -- [-2426.499] (-2419.511) (-2482.206) (-2447.256) (...0 remote chains...) -- 0:00:33
      44000 -- [-2405.282] (-2421.244) (-2467.876) (-2459.129) (...0 remote chains...) -- 0:00:33
      45000 -- [-2418.166] (-2429.663) (-2475.126) (-2468.905) (...0 remote chains...) -- 0:00:31
      46000 -- [-2413.381] (-2429.772) (-2464.900) (-2435.465) (...0 remote chains...) -- 0:00:31
      47000 -- [-2411.963] (-2431.147) (-2470.311) (-2439.955) (...0 remote chains...) -- 0:00:31
      48000 -- [-2410.164] (-2427.233) (-2480.888) (-2459.788) (...0 remote chains...) -- 0:00:30
      49000 -- [-2417.812] (-2437.083) (-2474.446) (-2452.631) (...0 remote chains...) -- 0:00:30
      50000 -- [-2416.566] (-2447.227) (-2474.172) (-2443.090) (...0 remote chains...) -- 0:00:29
      51000 -- [-2412.885] (-2445.170) (-2464.962) (-2443.178) (...0 remote chains...) -- 0:00:28
      52000 -- [-2424.874] (-2437.663) (-2457.469) (-2432.891) (...0 remote chains...) -- 0:00:27
      53000 -- [-2418.192] (-2440.151) (-2455.346) (-2458.379) (...0 remote chains...) -- 0:00:26
      54000 -- [-2425.813] (-2445.981) (-2477.891) (-2457.557) (...0 remote chains...) -- 0:00:26
      55000 -- [-2419.946] (-2445.967) (-2460.014) (-2451.346) (...0 remote chains...) -- 0:00:26
      56000 -- [-2416.790] (-2440.734) (-2454.937) (-2455.359) (...0 remote chains...) -- 0:00:25
      57000 -- [-2422.421] (-2431.809) (-2471.400) (-2441.865) (...0 remote chains...) -- 0:00:24
      58000 -- [-2417.493] (-2424.170) (-2469.228) (-2454.994) (...0 remote chains...) -- 0:00:23
      59000 -- [-2415.253] (-2444.028) (-2446.671) (-2428.100) (...0 remote chains...) -- 0:00:23
      60000 -- [-2413.047] (-2436.288) (-2451.808) (-2435.323) (...0 remote chains...) -- 0:00:22
      61000 -- [-2416.148] (-2428.842) (-2457.940) (-2451.229) (...0 remote chains...) -- 0:00:22
      62000 -- [-2413.056] (-2423.013) (-2463.265) (-2456.102) (...0 remote chains...) -- 0:00:22
      63000 -- [-2421.260] (-2422.469) (-2485.242) (-2452.265) (...0 remote chains...) -- 0:00:21
      64000 -- [-2416.746] (-2430.364) (-2448.531) (-2440.653) (...0 remote chains...) -- 0:00:20
      65000 -- [-2419.246] (-2438.534) (-2445.865) (-2445.596) (...0 remote chains...) -- 0:00:19
      66000 -- [-2414.062] (-2448.718) (-2447.053) (-2466.406) (...0 remote chains...) -- 0:00:19
      67000 -- [-2403.845] (-2423.287) (-2445.283) (-2434.394) (...0 remote chains...) -- 0:00:18
      68000 -- [-2408.105] (-2445.350) (-2449.378) (-2461.891) (...0 remote chains...) -- 0:00:18
      69000 -- [-2416.895] (-2426.021) (-2450.300) (-2428.567) (...0 remote chains...) -- 0:00:17
      70000 -- [-2421.708] (-2423.894) (-2444.694) (-2448.248) (...0 remote chains...) -- 0:00:17
      71000 -- [-2414.841] (-2431.827) (-2454.514) (-2449.415) (...0 remote chains...) -- 0:00:16
      72000 -- [-2411.347] (-2428.274) (-2447.541) (-2443.292) (...0 remote chains...) -- 0:00:15
      73000 -- [-2413.983] (-2425.957) (-2475.026) (-2445.342) (...0 remote chains...) -- 0:00:15
      74000 -- [-2417.750] (-2432.540) (-2455.455) (-2450.032) (...0 remote chains...) -- 0:00:15
      75000 -- [-2411.336] (-2414.449) (-2455.395) (-2445.666) (...0 remote chains...) -- 0:00:14
      76000 -- [-2414.495] (-2425.534) (-2444.467) (-2428.257) (...0 remote chains...) -- 0:00:13
      77000 -- [-2424.779] (-2419.424) (-2474.757) (-2438.661) (...0 remote chains...) -- 0:00:13
      78000 -- [-2409.856] (-2426.760) (-2459.919) (-2438.963) (...0 remote chains...) -- 0:00:12
      79000 -- [-2412.506] (-2427.226) (-2438.954) (-2447.143) (...0 remote chains...) -- 0:00:11
      80000 -- [-2414.987] (-2436.648) (-2448.095) (-2447.996) (...0 remote chains...) -- 0:00:11
      81000 -- [-2416.382] (-2433.499) (-2425.303) (-2449.188) (...0 remote chains...) -- 0:00:10
      82000 -- [-2411.402] (-2433.259) (-2443.869) (-2447.749) (...0 remote chains...) -- 0:00:10
      83000 -- [-2411.586] (-2431.715) (-2450.207) (-2448.447) (...0 remote chains...) -- 0:00:09
      84000 -- [-2414.397] (-2441.213) (-2455.321) (-2453.003) (...0 remote chains...) -- 0:00:09
      85000 -- [-2423.989] (-2419.855) (-2460.213) (-2448.841) (...0 remote chains...) -- 0:00:08
      86000 -- [-2411.312] (-2426.533) (-2468.678) (-2463.419) (...0 remote chains...) -- 0:00:07
      87000 -- [-2423.742] (-2437.556) (-2452.544) (-2447.785) (...0 remote chains...) -- 0:00:07
      88000 -- [-2422.426] (-2435.150) (-2436.651) (-2438.832) (...0 remote chains...) -- 0:00:06
      89000 -- [-2421.404] (-2438.198) (-2433.544) (-2482.609) (...0 remote chains...) -- 0:00:06
      90000 -- [-2421.245] (-2421.818) (-2441.520) (-2441.431) (...0 remote chains...) -- 0:00:05
      91000 -- [-2415.672] (-2445.752) (-2462.850) (-2442.822) (...0 remote chains...) -- 0:00:05
      92000 -- [-2420.898] (-2427.942) (-2450.262) (-2452.229) (...0 remote chains...) -- 0:00:04
      93000 -- [-2417.288] (-2416.656) (-2462.252) (-2433.668) (...0 remote chains...) -- 0:00:03
      94000 -- [-2412.399] (-2435.221) (-2433.780) (-2427.914) (...0 remote chains...) -- 0:00:03
      95000 -- [-2408.221] (-2411.153) (-2447.471) (-2448.557) (...0 remote chains...) -- 0:00:02
      96000 -- [-2409.394] (-2434.121) (-2463.853) (-2445.025) (...0 remote chains...) -- 0:00:02
      97000 -- [-2410.935] (-2436.305) (-2478.910) (-2449.424) (...0 remote chains...) -- 0:00:01
      98000 -- [-2412.901] (-2434.135) (-2434.241) (-2442.646) (...0 remote chains...) -- 0:00:01
      99000 -- [-2419.259] (-2438.903) (-2446.855) (-2442.949) (...0 remote chains...) -- 0:00:00
      100000 -- [-2424.705] (-2425.950) (-2446.988) (-2446.083) (...0 remote chains...) -- 0:00:00

      Analysis completed in 56 seconds
      Analysis used 51.22 seconds of CPU time on processor 0
      Log likelihood of best state for "cold" chain was -2398.93

      Acceptance rates for the moves in the "cold" chain:
         With prob.   (last 100)   chain accepted proposals by move
            58.1 %     ( 64 %)     Dirichlet(Revmat)
            71.4 %     ( 71 %)     Slider(Revmat)
            24.6 %     ( 19 %)     Dirichlet(Pi)
            30.9 %     ( 26 %)     Slider(Pi)
            73.6 %     ( 76 %)     Multiplier(Alpha)
            23.3 %     (  0 %)     Dirichlet(Ratemultiplier)
            89.9 %     ( 87 %)     Slider(Ratemultiplier)
            31.3 %     ( 28 %)     ExtSPR(Tau,V)
            25.2 %     ( 20 %)     ExtTBR(Tau,V)
            38.8 %     ( 35 %)     NNI(Tau,V)
            21.0 %     ( 18 %)     ParsSPR(Tau,V)
            41.0 %     ( 23 %)     Multiplier(V)
            57.0 %     ( 55 %)     Nodeslider(V)
            23.2 %     ( 26 %)     TLMultiplier(V)

      Chain swap information:

                  1      2      3      4 
           ------------------------------
         1 |          0.00   0.00   0.00 
         2 |  16604          0.03   0.00 
         3 |  16620  16853          0.08 
         4 |  16640  16575  16708        

      Upper diagonal: Proportion of successful state exchanges between chains
      Lower diagonal: Number of attempted state exchanges between chains

      Chain information:

        ID -- Heat 
       -----------
         1 -- 1.00  (cold chain)
         2 -- 0.77 
         3 -- 0.62 
         4 -- 0.53 

      Heat = 1 / (1 + T * (ID - 1))
         (where T = 0.30 is the temperature and ID is the chain number)

      Setting urn-in to 0
      Setting sumt contype to Allcompat
      Summarizing trees in file "rps16.nex.t"
      Using relative burnin ('relburnin=yes'), discarding the first 25 % of sampled trees
      Writing statistics to files rps16.nex.<parts|tstat|vstat|trprobs|con>
      Examining file ...
      Found one tree block in file "rps16.nex.t" with 1001 trees in last block

      Tree reading status:

      0      10      20      30      40      50      60      70      80      90     100
      v-------v-------v-------v-------v-------v-------v-------v-------v-------v-------v
      *********************************************************************************

      Read 1001 trees from last tree block (sampling 751 of them)
                                                                                   
      General explanation:                                                          
                                                                                   
      In an unrooted tree, a taxon bipartition (split) is specified by removing a   
      branch, thereby dividing the species into those to the left and those to the  
      right of the branch. Here, taxa to one side of the removed branch are denoted 
      '.' and those to the other side are denoted '*'. Specifically, the '.' symbol 
      is used for the taxa on the same side as the outgroup.                        
                                                                                   
      In a rooted or clock tree, the tree is rooted using the model and not by      
      reference to an outgroup. Each bipartition therefore corresponds to a clade,  
      that is, a group that includes all the descendants of a particular branch in  
      the tree.  Taxa that are included in each clade are denoted using '*', and    
      taxa that are not included are denoted using the '.' symbol.                  
                                                                                   
      The output first includes a key to all the bipartitions with frequency larger 
      or equual to (Minpartfreq) in at least one run. Minpartfreq is a parameter to 
      sumt command and currently it is set to 0.10.  This is followed by a table  
      with statistics for the informative bipartitions (those including at least    
      two taxa), sorted from highest to lowest probability. For each bipartition,   
      the table gives the number of times the partition or split was observed in all
      runs (#obs) and the posterior probability of the bipartition (Probab.), which 
      is the same as the split frequency. If several runs are summarized, this is   
      followed by the minimum split frequency (Min(s)), the maximum frequency       
      (Max(s)), and the standard deviation of frequencies (Stddev(s)) across runs.  
      The latter value should approach 0 for all bipartitions as MCMC runs converge.
                                                                                   
      This is followed by a table summarizing branch lengths, node heights (if a    
      clock model was used) and relaxed clock parameters (if a relaxed clock model  
      was used). The mean, variance, and 95 % credible interval are given for each 
      of these parameters. If several runs are summarized, the potential scale      
      reduction factor (PSRF) is also given; it should approach 1 as runs converge. 
      Node heights will take calibration points into account, if such points were   
      used in the analysis.                                                         
                                                                                    
      Note that Stddev may be unreliable if the partition is not present in all     
      runs (the last column indicates the number of runs that sampled the partition 
      if more than one run is summarized). The PSRF is not calculated at all if     
      the partition is not present in all runs.The PSRF is also sensitive to small  
      sample sizes and it should only be considered a rough guide to convergence    
      since some of the assumptions allowing one to interpret it as a true potential
      scale reduction factor are violated in MrBayes.                               
                                                                                    
      List of taxa in bipartitions:                                                 
                                                                                   
         1 -- Ammi_majus
         2 -- Apium_fernandezianum
         3 -- Canaria_tortuosa
         4 -- Deverra_aphylla
         5 -- Deverra_scoparia
         6 -- Deverra_tortuosa
         7 -- Opopanax_hispidus
         8 -- Rutheopsis_herbanica
         9 -- Ammi_seubertianum
        10 -- Ammi_trifoliatum
        11 -- Anethum_graveolens
        12 -- Apium_annuum
        13 -- Apium_australe
        14 -- Apium_commersonnii
        15 -- Apium_decumbens
        16 -- Apium_graveolens
        17 -- Apium_insulare
        18 -- Apium_panul
        19 -- Apium_sellowianum
        20 -- Billburttia_capensoides
        21 -- Conium_maculatum
        22 -- Deverra_battandieri
        23 -- Deverra_burchellii
        24 -- Deverra_denudata
        25 -- Deverra_intermedia
        26 -- Deverra_juncea
        27 -- Deverra_triradiata
        28 -- Foeniculum_vulgare
        29 -- Modesciadium_involucratum
        30 -- Naufraga_balearica
        31 -- Petroselinum_crispum
        32 -- Pseudoridolfia_fennanei
        33 -- Ridolfia_segetum
        34 -- Schoenoselinum_foeniculoides
        35 -- Sclerosciadium_nodiflorum
        36 -- Stoibrax_dichotomum
        37 -- Stoibrax_pomelianum

      Key to taxon bipartitions (saved to file "rps16.nex.parts"):

       ID -- Partition
      --------------------------------------------
        1 -- 
        2 -- 
        3 -- 
        4 -- 
        5 -- 
        6 -- 
        7 -- 
        8 -- 
        9 -- 
       10 -- 
       11 -- 
       12 -- 
       13 -- 
       14 -- 
       15 -- 
       16 -- 
       17 -- 
       18 -- 
       19 -- 
       20 -- 
       21 -- 
       22 -- 
       23 -- 
       24 -- 
       25 -- 
       26 -- 
       27 -- 
       28 -- 
       29 -- 
       30 -- 
       31 -- 
       32 -- 
       33 -- 
       34 -- 
       35 -- 
       36 -- 
       37 -- 
       38 -- 
       39 -- 
       40 -- 
       41 -- 
       42 -- 
       43 -- 
       44 -- 
       45 -- 
       46 -- 
       47 -- 
       48 -- 
       49 -- 
       50 -- 
       51 -- 
       52 -- 
       53 -- 
       54 -- 
       55 -- 
       56 -- 
       57 -- 
       58 -- 
       59 -- 
       60 -- 
       61 -- 
       62 -- 
       63 -- 
       64 -- 
       65 -- 
       66 -- 
       67 -- 
       68 -- 
       69 -- 
       70 -- 
       71 -- 
       72 -- 
       73 -- 
       74 -- 
       75 -- 
       76 -- 
       77 -- 
       78 -- 
       79 -- 
       80 -- 
       81 -- 
       82 -- 
       83 -- 
       84 -- 
       85 -- 
       86 -- 
       87 -- 
       88 -- 
       89 -- 
       90 -- 
       91 -- 
       92 -- 
       93 -- 
       94 -- 
       95 -- 
       96 -- 
       97 -- 
       98 -- 
       99 -- 
      100 -- 
      101 -- 
      102 -- 
      103 -- 
      104 -- 
      105 -- 
      106 -- 
      107 -- 
      108 -- 
      109 -- 
      --------------------------------------------

      Summary statistics for informative taxon bipartitions
         (saved to file "rps16.nex.tstat"):

       ID   #obs    Probab.
      ---------------------
       38   751    1.000000
       39   751    1.000000
       40   751    1.000000
       41   751    1.000000
       42   751    1.000000
       43   751    1.000000
       44   751    1.000000
       45   751    1.000000
       46   751    1.000000
       47   751    1.000000
       48   739    0.984021
       49   706    0.940080
       50   677    0.901465
       51   658    0.876165
       52   485    0.645806
       53   461    0.613848
       54   411    0.547270
       55   402    0.535286
       56   366    0.487350
       57   357    0.475366
       58   320    0.426099
       59   287    0.382157
       60   285    0.379494
       61   268    0.356858
       62   266    0.354194
       63   234    0.311585
       64   234    0.311585
       65   233    0.310253
       66   233    0.310253
       67   219    0.291611
       68   217    0.288948
       69   210    0.279627
       70   197    0.262317
       71   194    0.258322
       72   194    0.258322
       73   187    0.249001
       74   186    0.247670
       75   186    0.247670
       76   184    0.245007
       77   183    0.243675
       78   183    0.243675
       79   180    0.239680
       80   176    0.234354
       81   170    0.226365
       82   162    0.215712
       83   155    0.206391
       84   153    0.203728
       85   153    0.203728
       86   153    0.203728
       87   148    0.197071
       88   142    0.189081
       89   131    0.174434
       90   128    0.170439
       91   117    0.155792
       92   116    0.154461
       93   111    0.147803
       94   111    0.147803
       95   106    0.141145
       96   100    0.133156
       97    95    0.126498
       98    95    0.126498
       99    95    0.126498
      100    94    0.125166
      101    93    0.123835
      102    93    0.123835
      103    92    0.122503
      104    89    0.118509
      105    85    0.113182
      106    83    0.110519
      107    77    0.102530
      108    77    0.102530
      109    76    0.101198
      ---------------------

      Summary statistics for branch and node parameters
         (saved to file "rps16.nex.vstat"):

                                               95% HPD Interval
                                             --------------------
      Parameter       Mean       Variance     Lower       Upper       Median
      ----------------------------------------------------------------------
      length[1]      0.003588    0.000005    0.000443    0.008503    0.003150
      length[2]      0.001340    0.000002    0.000001    0.004748    0.000852
      length[3]      0.002198    0.000002    0.000065    0.004606    0.001987
      length[4]      0.001876    0.000002    0.000072    0.004499    0.001678
      length[5]      0.001060    0.000001    0.000006    0.003029    0.000714
      length[6]      0.004508    0.000004    0.001395    0.008082    0.004333
      length[7]      0.003903    0.000004    0.000679    0.008180    0.003400
      length[8]      0.000931    0.000001    0.000003    0.002679    0.000695
      length[9]      0.001047    0.000001    0.000004    0.002725    0.000787
      length[10]     0.002875    0.000003    0.000592    0.006400    0.002471
      length[11]     0.001895    0.000003    0.000010    0.004580    0.001506
      length[12]     0.002387    0.000003    0.000080    0.005886    0.002092
      length[13]     0.003852    0.000006    0.000506    0.007612    0.003573
      length[14]     0.005156    0.000012    0.000007    0.010900    0.005254
      length[15]     0.001063    0.000001    0.000000    0.003748    0.000746
      length[16]     0.000878    0.000001    0.000015    0.002614    0.000638
      length[17]     0.001061    0.000001    0.000000    0.003165    0.000752
      length[18]     0.007354    0.000015    0.001193    0.015664    0.006969
      length[19]     0.006698    0.000010    0.001712    0.012030    0.006203
      length[20]     0.010203    0.000028    0.003859    0.018229    0.009202
      length[21]     0.012121    0.000027    0.004806    0.023986    0.010919
      length[22]     0.013578    0.000023    0.004638    0.022562    0.013672
      length[23]     0.001105    0.000001    0.000000    0.003002    0.000917
      length[24]     0.006090    0.000008    0.001680    0.010954    0.005507
      length[25]     0.012738    0.000015    0.006230    0.019300    0.012823
      length[26]     0.001030    0.000001    0.000017    0.002846    0.000785
      length[27]     0.002023    0.000003    0.000022    0.004840    0.001709
      length[28]     0.001051    0.000001    0.000004    0.003086    0.000672
      length[29]     0.001218    0.000001    0.000017    0.003763    0.000810
      length[30]     0.013864    0.000021    0.007541    0.024148    0.012866
      length[31]     0.001273    0.000002    0.000007    0.004431    0.000799
      length[32]     0.007650    0.000008    0.002506    0.013352    0.007348
      length[33]     0.002034    0.000002    0.000053    0.004921    0.001613
      length[34]     0.001363    0.000002    0.000005    0.004337    0.000887
      length[35]     0.001111    0.000001    0.000005    0.002979    0.000821
      length[36]     0.001994    0.000002    0.000176    0.004782    0.001749
      length[37]     0.001031    0.000002    0.000000    0.003025    0.000598
      length[38]     0.003677    0.000005    0.000708    0.007912    0.003193
      length[39]     0.004484    0.000007    0.000811    0.009215    0.003835
      length[40]     0.009648    0.000013    0.003351    0.016082    0.009164
      length[41]     0.011608    0.000021    0.003473    0.018926    0.011675
      length[42]     0.003911    0.000004    0.000883    0.008005    0.003551
      length[43]     0.006402    0.000014    0.001103    0.013857    0.005693
      length[44]     0.003422    0.000006    0.000122    0.008018    0.002825
      length[45]     0.007194    0.000010    0.001969    0.014087    0.006686
      length[46]     0.002941    0.000003    0.000442    0.006446    0.002492
      length[47]     0.003261    0.000004    0.000209    0.007271    0.002830
      length[48]     0.001969    0.000002    0.000089    0.004917    0.001588
      length[49]     0.002167    0.000002    0.000162    0.004980    0.001871
      length[50]     0.002133    0.000002    0.000161    0.004724    0.001812
      length[51]     0.003325    0.000004    0.000241    0.007053    0.002946
      length[52]     0.001946    0.000003    0.000002    0.005345    0.001568
      length[53]     0.001634    0.000001    0.000033    0.003799    0.001330
      length[54]     0.001807    0.000002    0.000012    0.004370    0.001549
      length[55]     0.002528    0.000003    0.000098    0.006638    0.002131
      length[56]     0.001793    0.000004    0.000008    0.005413    0.001328
      length[57]     0.004587    0.000017    0.000027    0.012466    0.003522
      length[58]     0.001215    0.000001    0.000003    0.003329    0.000917
      length[59]     0.004911    0.000014    0.000020    0.012141    0.003957
      length[60]     0.001311    0.000002    0.000006    0.004321    0.000821
      length[61]     0.001346    0.000002    0.000008    0.004742    0.000842
      length[62]     0.002351    0.000004    0.000031    0.005987    0.001959
      length[63]     0.001324    0.000001    0.000029    0.003969    0.000955
      length[64]     0.001144    0.000001    0.000003    0.003120    0.000860
      length[65]     0.000927    0.000001    0.000006    0.002617    0.000614
      length[66]     0.001085    0.000001    0.000013    0.003201    0.000725
      length[67]     0.004405    0.000007    0.000294    0.009311    0.004237
      length[68]     0.005036    0.000019    0.000061    0.011455    0.003620
      length[69]     0.003804    0.000011    0.000103    0.009929    0.002616
      length[70]     0.000897    0.000001    0.000003    0.002753    0.000541
      length[71]     0.000967    0.000001    0.000016    0.002714    0.000555
      length[72]     0.004928    0.000009    0.000104    0.010522    0.004720
      length[73]     0.004966    0.000011    0.000029    0.011073    0.004251
      length[74]     0.001130    0.000001    0.000008    0.003318    0.000816
      length[75]     0.001096    0.000001    0.000009    0.003117    0.000737
      length[76]     0.002523    0.000005    0.000044    0.007354    0.001989
      length[77]     0.003366    0.000008    0.000020    0.009057    0.002738
      length[78]     0.001329    0.000001    0.000008    0.003343    0.001067
      length[79]     0.001985    0.000003    0.000005    0.005723    0.001388
      length[80]     0.005072    0.000017    0.000025    0.013791    0.004414
      length[81]     0.000873    0.000001    0.000027    0.002244    0.000638
      length[82]     0.000946    0.000001    0.000016    0.002626    0.000697
      length[83]     0.003729    0.000007    0.000063    0.007579    0.003452
      length[84]     0.004318    0.000009    0.000012    0.009891    0.003754
      length[85]     0.004740    0.000012    0.000139    0.010377    0.003900
      length[86]     0.001417    0.000002    0.000026    0.004263    0.000932
      length[87]     0.001145    0.000001    0.000007    0.003503    0.000797
      length[88]     0.000871    0.000001    0.000007    0.002216    0.000711
      length[89]     0.001144    0.000002    0.000002    0.004266    0.000643
      length[90]     0.001006    0.000001    0.000066    0.002376    0.000719
      length[91]     0.001283    0.000002    0.000031    0.003626    0.000829
      length[92]     0.000994    0.000001    0.000006    0.002506    0.000818
      length[93]     0.004318    0.000011    0.000109    0.009937    0.003004
      length[94]     0.000895    0.000001    0.000031    0.002730    0.000617
      length[95]     0.001706    0.000003    0.000000    0.004173    0.001216
      length[96]     0.001086    0.000002    0.000006    0.004014    0.000565
      length[97]     0.000971    0.000002    0.000032    0.004365    0.000400
      length[98]     0.001110    0.000001    0.000028    0.002973    0.000812
      length[99]     0.005250    0.000010    0.000621    0.010474    0.005258
      length[100]    0.001299    0.000002    0.000064    0.002487    0.000896
      length[101]    0.000939    0.000001    0.000022    0.002884    0.000632
      length[102]    0.000793    0.000001    0.000000    0.002940    0.000530
      length[103]    0.000717    0.000000    0.000045    0.001755    0.000591
      length[104]    0.002081    0.000007    0.000006    0.009182    0.001051
      length[105]    0.002342    0.000006    0.000024    0.006351    0.001767
      length[106]    0.000969    0.000001    0.000022    0.003103    0.000576
      length[107]    0.000878    0.000001    0.000009    0.002741    0.000548
      length[108]    0.001824    0.000002    0.000090    0.005341    0.001622
      length[109]    0.002350    0.000010    0.000012    0.011662    0.001080
      ----------------------------------------------------------------------




      Clade credibility values:

      /---------------------------------------------------------- Ammi_majus (1)
      |                                                                               
      |                                                    /----- Apium_fernandez~ (2)
      |                               /---------26---------+                          
      |                               |                    \----- Apium_panul (18)
      |                               |                                               
      |                               |                    /----- Apium_annuum (12)
      |                         /--16-+    /-------29------+                          
      |                         |     |    |               \----- Apium_commerso~ (14)
      |                         |     |    |                                          
      |                         |     |    |               /----- Apium_australe (13)
      |                         |     \--8-+         /--48-+                          
      |                         |          |         |     \----- Apium_sellowia~ (19)
      |                    /-88-+          |    /-21-+                                
      |                    |    |          |    |    \----------- Apium_graveole~ (16)
      |                    |    |          \--9-+                                     
      |                    |    |               \---------------- Apium_insulare (17)
      |               /-100+    |                                                     
      |               |    |    \-------------------------------- Apium_decumbens (15)
      |               |    |                                                          
      |               |    \------------------------------------- Naufraga_balea~ (30)
      |               |                                                               
      |               |                                    /----- Deverra_scoparia (5)
      |               |                              /-100-+                          
      |               |                              |     \----- Deverra_tortuosa (6)
      |               |                         /-100+                                
      |               |                         |    |     /----- Deverra_denuda~ (24)
      |          /-31-+                         |    \--38-+                          
      |          |    |                    /-54-+          \----- Deverra_juncea (26)
      |          |    |                    |    |                                     
      |          |    |                    |    \---------------- Billburttia_ca~ (20)
      |          |    |               /-25-+                                          
      |          |    |               |    |               /----- Stoibrax_dicho~ (36)
      |          |    |               |    \------100------+                          
      |          |    |               |                    \----- Stoibrax_pomel~ (37)
      |          |    |               |                                               
      +          |    \-------61------+                    /----- Anethum_graveo~ (11)
      |          |                    |         /----98----+                          
      |          |                    |         |          \----- Foeniculum_vul~ (28)
      |          |                    |         |                                     
      |          |                    \---100---+    /----------- Pseudoridolfia~ (32)
      |    /-100-+                              |    |                                
      |    |     |                              \-49-+     /----- Ridolfia_seget~ (33)
      |    |     |                                   \-100-+                          
      |    |     |                                         \----- Schoenoselinum~ (34)
      |    |     |                                                                    
      |    |     |                                         /----- Deverra_aphylla (4)
      |    |     |                                   /--38-+                          
      |    |     |                                   |     \----- Deverra_battan~ (22)
      |    |     |                              /-28-+                                
      |    |     |                              |    \----------- Deverra_burche~ (23)
      |    |     |                         /-36-+                                     
      |    |     |                         |    \---------------- Deverra_interm~ (25)
      |    |     |                    /-100+                                          
      |-100+     |                    |    \--------------------- Deverra_trirad~ (27)
      |    |     \---------23---------+                                               
      |    |                          |                    /----- Opopanax_hispid~ (7)
      |    |                          \---------100--------+                          
      |    |                                               \----- Conium_maculat~ (21)
      |    |                                                                          
      |    |                                               /----- Canaria_tortuosa (3)
      |    |                                         /--94-+                          
      |    |                                         |     \----- Rutheopsis_herb~ (8)
      |    |                                    /-65-+                                
      |    |                                    |    \----------- Modesciadium_i~ (29)
      |    |                               /-55-+                                     
      |    |                               |    \---------------- Sclerosciadium~ (35)
      |    \---------------90--------------+                                          
      |                                    \--------------------- Petroselinum_c~ (31)
      |                                                                               
      |                                                    /----- Ammi_seubertian~ (9)
      \-------------------------43-------------------------+                          
                                                           \----- Ammi_trifoliat~ (10)
                                                                                      

      Phylogram (based on average branch lengths):

                                                                                                                                                                                                                                                                                                                                                                                                                                                                  /---- Ammi_majus (1)
      |                                                                               
      |                                       /- Apium_fernandez~ (2)
      |                                 /-----+                                       
      |                                 |     \---------- Apium_panul (18)
      |                                 |                                             
      |                                 |      /--- Apium_annuum (12)
      |                               /-+ /----+                                      
      |                               | | |    \-------- Apium_commerso~ (14)
      |                               | | |                                           
      |                               | | |            /----- Apium_australe (13)
      |                               | \-+        /---+                              
      |                               |   |        |   \--------- Apium_sellowia~ (19)
      |                           /---+   |   /----+                                  
      |                           |   |   |   |    \ Apium_graveole~ (16)
      |                           |   |   \---+                                       
      |                           |   |       \- Apium_insulare (17)
      |               /-----------+   |                                               
      |               |           |   \-- Apium_decumbens (15)
      |               |           |                                                   
      |               |           \------------------ Naufraga_balea~ (30)
      |               |                                                               
      |               |                /- Deverra_scoparia (5)
      |               |             /--+                                              
      |               |             |  \------ Deverra_tortuosa (6)
      |               |     /-------+                                                 
      |               |     |       |/------- Deverra_denuda~ (24)
      |             /-+     |       \+                                                
      |             | |  /--+        \- Deverra_juncea (26)
      |             | |  |  |                                                         
      |             | |  |  \------------ Billburttia_ca~ (20)
      |             | | /+                                                            
      |             | | ||               /-- Stoibrax_dicho~ (36)
      |             | | |\---------------+                                            
      |             | | |                \- Stoibrax_pomel~ (37)
      |             | | |                                                             
      +             | \-+    /-- Anethum_graveo~ (11)
      |             |   |  /-+                                                        
      |             |   |  | \- Foeniculum_vul~ (28)
      |             |   |  |                                                          
      |             |   \--+ /---------- Pseudoridolfia~ (32)
      |    /--------+      | |                                                        
      |    |        |      \-+   /--- Ridolfia_seget~ (33)
      |    |        |        \---+                                                    
      |    |        |            \-- Schoenoselinum~ (34)
      |    |        |                                                                 
      |    |        |               /--- Deverra_aphylla (4)
      |    |        |          /----+                                                 
      |    |        |          |    \------------------- Deverra_battan~ (22)
      |    |        |      /---+                                                      
      |    |        |      |   \- Deverra_burche~ (23)
      |    |        |     /+                                                          
      |    |        |     |\------------------ Deverra_interm~ (25)
      |    |        |/----+                                                           
      |----+        ||    \--- Deverra_trirad~ (27)
      |    |        \+                                                                
      |    |         |   /----- Opopanax_hispid~ (7)
      |    |         \---+                                                            
      |    |             \--------------- Conium_maculat~ (21)
      |    |                                                                          
      |    |         /-- Canaria_tortuosa (3)
      |    |      /--+                                                                
      |    |      |  \- Rutheopsis_herb~ (8)
      |    |    /-+                                                                   
      |    |    | \- Modesciadium_i~ (29)
      |    |  /-+                                                                     
      |    |  | \- Sclerosciadium~ (35)
      |    \--+                                                                       
      |       \- Petroselinum_c~ (31)
      |                                                                               
      |/- Ammi_seubertian~ (9)
      \+                                                                              
       \---- Ammi_trifoliat~ (10)
                                                                                      
      |------------| 0.010 expected changes per site

      Calculating tree probabilities...

      Credible sets of trees (751 trees sampled):
         50 % credible set contains 376 trees
         90 % credible set contains 676 trees
         95 % credible set contains 714 trees
         99 % credible set contains 744 trees

      Setting burn-in to 0
      Summarizing parameters in file rps16.nex.p
      Writing summary statistics to file rps16.nex.pstat
      Using relative burnin ('relburnin=yes'), discarding the first 25 % of samples

      Below is a rough plot of the generation (x-axis) versus the log   
      probability of observing the data (y-axis). You can use this      
      graph to determine what the burn in for your analysis should be.  
      When the log probability starts to plateau you may be at station- 
      arity. Sample trees and parameters after the log probability      
      plateaus. Of course, this is not a guarantee that you are at sta- 
      analysis should be. When the log probability starts to plateau    
      tionarity. When possible, run multiple analyses starting from dif-
      ferent random trees; if the inferences you make for independent   
      analyses are the same, this is reasonable evidence that the chains
      have converged. You can use MrBayes to run several independent    
      analyses simultaneously. During such a run, MrBayes will monitor  
      the convergence of topologies. After the run has been completed,  
      the 'sumt' and 'sump' functions will provide additional conver-   
      gence diagnostics for all the parameters in your model. Remember  
      that the burn in is the number of samples to discard. There are   
      a total of ngen / samplefreq samples taken during a MCMC analysis.

   +------------------------------------------------------------+ -2405.653
   | *                                                          |
   |                                                            |
   |          *                      *                          |
   |                                          *               * |
   |*      *                     *    *         *           *   |
   |         *  *  * *         **       *        *              |
   |                  * *                *        * *      * *  |
   |             *                        ***  *     *  *       |
   |           *       *    * *        *               *  *    *|
   |   *                          *                *     *      |
   |    * * *                       *        *        *         |
   |  *           *          *                                  |
   |                     *         *                            |
   |                      *                                     |
   |     *          *      *                                    |
   +------+-----+-----+-----+-----+-----+-----+-----+-----+-----+ -2426.593
   ^                                                            ^
   25000                                                       100000


      Estimated marginal likelihoods for run sampled in file "rps16.nex.p":
         (Use the harmonic mean for Bayes factor comparisons of models)
         (Values are saved to the file rps16.nex.lstat)

      Arithmetic mean   Harmonic mean
      --------------------------------
         -2405.71         -2430.27
      --------------------------------


      Model parameter summaries for run sampled in file "rps16.nex":
         Based on a total of 751 samples out of a total of 1001 samples
            from this analysis.
         Parameter summaries saved to file "rps16.nex.pstat".

                                            95% HPD Interval
                                          --------------------
      Parameter      Mean      Variance     Lower       Upper       Median     ESS*
      -------------------------------------------------------------------------------
      TL          0.250390    0.003211    0.170817    0.366180    0.235635      6.42
      r(A<->C)    0.188459    0.000890    0.136381    0.258640    0.185842      9.58
      r(A<->G)    0.234436    0.001150    0.174878    0.292991    0.232061     20.68
      r(A<->T)    0.039371    0.000090    0.022102    0.057591    0.038134     64.26
      r(C<->G)    0.131537    0.001355    0.079157    0.215017    0.128519     21.76
      r(C<->T)    0.204711    0.001147    0.130330    0.265561    0.208040     43.55
      r(G<->T)    0.201485    0.000703    0.137953    0.243582    0.201655     55.74
      pi(A)       0.341379    0.000158    0.316180    0.362597    0.341126     79.80
      pi(C)       0.152468    0.000109    0.130631    0.171466    0.151490     88.96
      pi(G)       0.186785    0.000145    0.165130    0.210296    0.187308     98.73
      pi(T)       0.319368    0.000176    0.286606    0.340521    0.318298    101.18
      alpha       0.203267    0.007501    0.046172    0.377408    0.189593     80.04
      m{1}        0.861447    0.019779    0.565492    1.042043    0.905420      5.18
      -------------------------------------------------------------------------------
      * Convergence diagnostic (ESS = Estimated Sample Size); ESS value 
        below 100 may indicate that the parameter is undersampled. 


